************************************************************************
pyfao56: FAO-56 Evapotranspiration in Python
Output Data
Timestamp: 2025-02-11 11:02:22
Simulation start date: 2011-09-18
Simulation end date: 2011-09-28
Soil method: D - Default FAO-56 homogenous soil bucket approach
************************************************************************
Comments: 2011 Fallow -- CSSRI, Karnal
************************************************************************
Year-DOY        Date    Year  DOY  DOW  Day   ETref     ETc  ETcadj       T       E       p      Ks       h      Zr      fc    tKcb     Kcb   Kcmax      Kc   Kcadj      Ke      Kr      fw     few      De     DPe   Irrig IrrLoss    Rain  Runoff      DP     TAW     DAW     RAW    Veff      Vp      Vs      Vr      Ds      Dr     fDr     fDs  theta0      Se       K
2011-261  2011-09-18    2011  261  Sun  0     4.485   0.000   0.000   0.000   0.000   0.800   1.000   1.000   1.000   0.000   0.000   0.000   1.116   0.000   0.000   0.000   0.000   1.000   1.000  19.909   0.000   0.000   0.000   0.000   0.000  48.968 122.153   0.000  97.722 171.121   0.000   0.000   0.000   0.000   0.000   0.000   0.000   0.325   0.861   0.773
2011-262  2011-09-19    2011  262  Mon  1     4.617   0.000   0.000   0.000   0.000   0.800   1.000   1.000   1.000   0.000   0.000   0.000   1.116   0.000   0.000   0.000   0.000   1.000   1.000  19.909   0.000   0.000   0.000   0.000   0.000   0.000 122.153   0.000  97.722 122.153   0.000   0.000   0.000   0.000   0.000   0.000   0.000   0.276   0.678   0.061
2011-263  2011-09-20    2011  263  Tue  2     4.988   0.000   0.000   0.000   0.000   0.800   1.000   1.000   1.000   0.000   0.000   0.000   1.131   0.000   0.000   0.000   0.000   1.000   1.000  19.909   0.000   0.000   0.000   0.000   0.000   0.000 122.153   0.000  97.722 122.153   0.000   0.000   0.000   0.000   0.000   0.000   0.000   0.276   0.678   0.061
2011-264  2011-09-21    2011  264  Wed  3     4.800   0.000   0.000   0.000   0.000   0.800   1.000   1.000   1.000   0.000   0.000   0.000   1.117   0.000   0.000   0.000   0.000   1.000   1.000  19.909   0.000   0.000   0.000   0.000   0.000   0.000 122.153   0.000  97.722 122.153   0.000   0.000   0.000   0.000   0.000   0.000   0.000   0.276   0.678   0.061
2011-265  2011-09-22    2011  265  Thu  4     4.716   0.000   0.000   0.000   0.000   0.800   1.000   1.000   1.000   0.000   0.000   0.000   1.111   0.000   0.000   0.000   0.000   1.000   1.000  19.909   0.000   0.000   0.000   0.000   0.000   0.000 122.153   0.000  97.722 122.153   0.000   0.000   0.000   0.000   0.000   0.000   0.000   0.276   0.678   0.061
2011-266  2011-09-23    2011  266  Fri  5     5.621   0.000   0.000   0.000   0.000   0.800   1.000   1.000   1.000   0.000   0.000   0.000   1.144   0.000   0.000   0.000   0.000   1.000   1.000  19.909   0.000   0.000   0.000   0.000   0.000   0.000 122.153   0.000  97.722 122.153   0.000   0.000   0.000   0.000   0.000   0.000   0.000   0.276   0.678   0.061
2011-267  2011-09-24    2011  267  Sat  6     5.315   0.000   0.000   0.000   0.000   0.800   1.000   1.000   1.000   0.000   0.000   0.000   1.124   0.000   0.000   0.000   0.000   1.000   1.000  19.909   0.000   0.000   0.000   0.000   0.000   0.000 122.153   0.000  97.722 122.153   0.000   0.000   0.000   0.000   0.000   0.000   0.000   0.276   0.678   0.061
2011-268  2011-09-25    2011  268  Sun  7     5.051   0.000   0.000   0.000   0.000   0.800   1.000   1.000   1.000   0.000   0.000   0.000   1.110   0.000   0.000   0.000   0.000   1.000   1.000  19.909   0.000   0.000   0.000   0.000   0.000   0.000 122.153   0.000  97.722 122.153   0.000   0.000   0.000   0.000   0.000   0.000   0.000   0.276   0.678   0.061
2011-269  2011-09-26    2011  269  Mon  8     5.215   0.000   0.000   0.000   0.000   0.800   1.000   1.000   1.000   0.000   0.000   0.000   1.136   0.000   0.000   0.000   0.000   1.000   1.000  19.909   0.000   0.000   0.000   0.000   0.000   0.000 122.153   0.000  97.722 122.153   0.000   0.000   0.000   0.000   0.000   0.000   0.000   0.276   0.678   0.061
2011-270  2011-09-27    2011  270  Tue  9     4.958   0.000   0.000   0.000   0.000   0.800   1.000   1.000   1.000   0.000   0.000   0.000   1.123   0.000   0.000   0.000   0.000   1.000   1.000  19.909   0.000   0.000   0.000   0.000   0.000   0.000 122.153   0.000  97.722 122.153   0.000   0.000   0.000   0.000   0.000   0.000   0.000   0.276   0.678   0.061
2011-271  2011-09-28    2011  271  Wed  10    5.008   0.000   0.000   0.000   0.000   0.800   1.000   1.000   1.000   0.000   0.000   0.000   1.128   0.000   0.000   0.000   0.000   1.000   1.000  19.909   0.000   0.000   0.000   0.000   0.000   0.000 122.153   0.000  97.722 122.153   0.000   0.000   0.000   0.000   0.000   0.000   0.000   0.276   0.678   0.061