************************************************************************
pyfao56: FAO-56 Evapotranspiration in Python
Output Data
Timestamp: 2025-02-11 11:02:24
Simulation start date: 2014-09-18
Simulation end date: 2014-09-28
Soil method: D - Default FAO-56 homogenous soil bucket approach
************************************************************************
Comments: 2014 Fallow -- CSSRI, Karnal
************************************************************************
Year-DOY        Date    Year  DOY  DOW  Day   ETref     ETc  ETcadj       T       E       p      Ks       h      Zr      fc    tKcb     Kcb   Kcmax      Kc   Kcadj      Ke      Kr      fw     few      De     DPe   Irrig IrrLoss    Rain  Runoff      DP     TAW     DAW     RAW    Veff      Vp      Vs      Vr      Ds      Dr     fDr     fDs  theta0      Se       K
2014-261  2014-09-18    2014  261  Thu  0     5.471   0.000   0.000   0.000   0.000   0.800   1.000   1.000   1.000   0.000   0.000   0.000   1.100   0.000   0.000   0.000   0.000   1.000   1.000  19.909   0.000   0.000   0.000   0.000   0.000   0.000 122.153   0.000  97.722 118.121   0.000   0.000   0.000   0.000   4.032   0.033   0.000   0.272   0.663   0.049
2014-262  2014-09-19    2014  262  Fri  1     5.383   0.000   0.000   0.000   0.000   0.800   1.000   1.000   1.000   0.000   0.000   0.000   1.093   0.000   0.000   0.000   0.000   1.000   1.000  19.909   0.000   0.000   0.000   0.000   0.000   0.000 122.153   0.000  97.722 118.121   0.000   0.000   0.000   0.000   4.032   0.033   0.000   0.272   0.663   0.049
2014-263  2014-09-20    2014  263  Sat  2     4.711   0.000   0.000   0.000   0.000   0.800   1.000   1.000   1.000   0.000   0.000   0.000   1.086   0.000   0.000   0.000   0.000   1.000   1.000  19.909   0.000   0.000   0.000   0.000   0.000   0.000 122.153   0.000  97.722 118.121   0.000   0.000   0.000   0.000   4.032   0.033   0.000   0.272   0.663   0.049
2014-264  2014-09-21    2014  264  Sun  3     5.430   0.000   0.000   0.000   0.000   0.800   1.000   1.000   1.000   0.000   0.000   0.000   1.102   0.000   0.000   0.000   0.000   1.000   1.000  19.909   0.000   0.000   0.000   0.000   0.000   0.000 122.153   0.000  97.722 118.121   0.000   0.000   0.000   0.000   4.032   0.033   0.000   0.272   0.663   0.049
2014-265  2014-09-22    2014  265  Mon  4     6.191   0.000   0.000   0.000   0.000   0.800   1.000   1.000   1.000   0.000   0.000   0.000   1.124   0.000   0.000   0.000   0.000   1.000   1.000  19.909   0.000   0.000   0.000   0.000   0.000   0.000 122.153   0.000  97.722 118.121   0.000   0.000   0.000   0.000   4.032   0.033   0.000   0.272   0.663   0.049
2014-266  2014-09-23    2014  266  Tue  5     6.481   0.000   0.000   0.000   0.000   0.800   1.000   1.000   1.000   0.000   0.000   0.000   1.136   0.000   0.000   0.000   0.000   1.000   1.000  19.909   0.000   0.000   0.000   0.000   0.000   0.000 122.153   0.000  97.722 118.121   0.000   0.000   0.000   0.000   4.032   0.033   0.000   0.272   0.663   0.049
2014-267  2014-09-24    2014  267  Wed  6     6.511   0.000   0.000   0.000   0.000   0.800   1.000   1.000   1.000   0.000   0.000   0.000   1.124   0.000   0.000   0.000   0.000   1.000   1.000  19.909   0.000   0.000   0.000   0.000   0.000   0.000 122.153   0.000  97.722 118.121   0.000   0.000   0.000   0.000   4.032   0.033   0.000   0.272   0.663   0.049
2014-268  2014-09-25    2014  268  Thu  7     6.817   0.000   0.000   0.000   0.000   0.800   1.000   1.000   1.000   0.000   0.000   0.000   1.142   0.000   0.000   0.000   0.000   1.000   1.000  19.909   0.000   0.000   0.000   0.000   0.000   0.000 122.153   0.000  97.722 118.121   0.000   0.000   0.000   0.000   4.032   0.033   0.000   0.272   0.663   0.049
2014-269  2014-09-26    2014  269  Fri  8     6.004   0.000   0.000   0.000   0.000   0.800   1.000   1.000   1.000   0.000   0.000   0.000   1.114   0.000   0.000   0.000   0.000   1.000   1.000  19.909   0.000   0.000   0.000   0.000   0.000   0.000 122.153   0.000  97.722 118.121   0.000   0.000   0.000   0.000   4.032   0.033   0.000   0.272   0.663   0.049
2014-270  2014-09-27    2014  270  Sat  9     5.574   0.000   0.000   0.000   0.000   0.800   1.000   1.000   1.000   0.000   0.000   0.000   1.110   0.000   0.000   0.000   0.000   1.000   1.000  19.909   0.000   0.000   0.000   0.000   0.000   0.000 122.153   0.000  97.722 118.121   0.000   0.000   0.000   0.000   4.032   0.033   0.000   0.272   0.663   0.049
2014-271  2014-09-28    2014  271  Sun  10    5.286   0.000   0.000   0.000   0.000   0.800   1.000   1.000   1.000   0.000   0.000   0.000   1.105   0.000   0.000   0.000   0.000   1.000   1.000  19.909   0.000   0.000   0.000   0.000   0.000   0.000 122.153   0.000  97.722 118.121   0.000   0.000   0.000   0.000   4.032   0.033   0.000   0.272   0.663   0.049