************************************************************************
pyfao56: FAO-56 Evapotranspiration in Python
Output Data
Timestamp: 2025-02-11 11:02:20
Simulation start date: 1998-09-18
Simulation end date: 1998-09-28
Soil method: D - Default FAO-56 homogenous soil bucket approach
************************************************************************
Comments: 1998 Fallow -- CSSRI, Karnal
************************************************************************
Year-DOY        Date    Year  DOY  DOW  Day   ETref     ETc  ETcadj       T       E       p      Ks       h      Zr      fc    tKcb     Kcb   Kcmax      Kc   Kcadj      Ke      Kr      fw     few      De     DPe   Irrig IrrLoss    Rain  Runoff      DP     TAW     DAW     RAW    Veff      Vp      Vs      Vr      Ds      Dr     fDr     fDs  theta0      Se       K
1998-261  1998-09-18    1998  261  Fri  0     4.550   0.000   0.000   0.000   0.000   0.800   1.000   1.000   1.000   0.000   0.000   0.000   1.084   0.000   0.000   0.000   0.000   1.000   1.000  19.909   0.000   0.000   0.000   0.000   0.000   0.000 122.153   0.000  97.722 107.121   0.000   0.000   0.000   0.000  15.032   0.123   0.000   0.261   0.621   0.026
1998-262  1998-09-19    1998  262  Sat  1     4.429   0.000   0.000   0.000   0.000   0.800   1.000   1.000   1.000   0.000   0.000   0.000   1.078   0.000   0.000   0.000   0.000   1.000   1.000  19.909   0.000   0.000   0.000   0.000   0.000   0.000 122.153   0.000  97.722 107.121   0.000   0.000   0.000   0.000  15.032   0.123   0.000   0.261   0.621   0.026
1998-263  1998-09-20    1998  263  Sun  2     3.746   0.000   0.000   0.000   0.000   0.800   1.000   1.000   1.000   0.000   0.000   0.000   1.105   0.000   0.000   0.000   0.000   1.000   1.000   0.000   0.026   0.000   0.000  45.820   0.000  30.788 122.153   0.000  97.722 152.941   0.000   0.000   0.000   0.000   0.000   0.000   0.000   0.307   0.793   0.302
1998-264  1998-09-21    1998  264  Mon  3     3.683   4.095   4.095   0.000   4.095   0.800   1.000   1.000   1.000   0.000   0.000   0.000   1.112   1.112   1.112   1.112   1.000   1.000   1.000   4.095   0.000   0.000   0.000   0.000   0.000   0.000 122.153   0.000  97.722 118.058   0.000   0.000   0.000   0.000   4.095   0.034   0.000   0.272   0.662   0.049
1998-265  1998-09-22    1998  265  Tue  4     3.104   3.444   3.444   0.000   3.444   0.800   1.000   1.000   1.000   0.000   0.000   0.000   1.110   1.110   1.110   1.110   1.000   1.000   1.000   7.539   0.000   0.000   0.000   0.000   0.000   0.000 122.153   0.000  97.722 114.614   0.000   0.000   0.000   0.000   7.539   0.062   0.000   0.268   0.649   0.040
1998-266  1998-09-23    1998  266  Wed  5     1.357   1.341   1.341   0.000   1.341   0.800   1.000   1.000   1.000   0.000   0.000   0.000   1.111   0.988   0.988   0.988   0.889   1.000   1.000   0.000   0.040   0.000   0.000  71.534   0.000  62.654 122.153   0.000  97.722 184.807   0.000   0.000   0.000   0.000   0.000   0.000   0.000   0.339   0.912   1.648
1998-267  1998-09-24    1998  267  Thu  6     2.465   2.730   2.730   0.000   2.730   0.800   1.000   1.000   1.000   0.000   0.000   0.000   1.107   1.107   1.107   1.107   1.000   1.000   1.000   0.000   1.648   0.000   0.000  86.436   0.000  83.706 122.153   0.000  97.722 205.859   0.000   0.000   0.000   0.000   0.000   0.000   0.000   0.360   0.991   9.299
1998-268  1998-09-25    1998  268  Fri  7     3.161   3.411   3.411   0.000   3.411   0.800   1.000   1.000   1.000   0.000   0.000   0.000   1.079   1.079   1.079   1.079   1.000   1.000   1.000   3.411   0.000   0.000   0.000   0.000   0.000   0.000 122.153   0.000  97.722 118.742   0.000   0.000   0.000   0.000   3.411   0.028   0.000   0.273   0.665   0.051
1998-269  1998-09-26    1998  269  Sat  8     4.056   4.342   4.342   0.000   4.342   0.800   1.000   1.000   1.000   0.000   0.000   0.000   1.071   1.071   1.071   1.071   1.000   1.000   1.000   7.753   0.000   0.000   0.000   0.000   0.000   0.000 122.153   0.000  97.722 114.400   0.000   0.000   0.000   0.000   7.753   0.063   0.000   0.268   0.649   0.040
1998-270  1998-09-27    1998  270  Sun  9     4.667   4.436   4.436   0.000   4.436   0.800   1.000   1.000   1.000   0.000   0.000   0.000   1.088   0.951   0.951   0.951   0.874   1.000   1.000  12.189   0.000   0.000   0.000   0.000   0.000   0.000 122.153   0.000  97.722 109.964   0.000   0.000   0.000   0.000  12.189   0.100   0.000   0.264   0.632   0.031
1998-271  1998-09-28    1998  271  Mon  10    4.944   3.032   3.032   0.000   3.032   0.800   1.000   1.000   1.000   0.000   0.000   0.000   1.105   0.613   0.613   0.613   0.555   1.000   1.000  15.221   0.000   0.000   0.000   0.000   0.000   0.000 122.153   0.000  97.722 106.932   0.000   0.000   0.000   0.000  15.221   0.125   0.000   0.261   0.621   0.026