************************************************************************
pyfao56: FAO-56 Evapotranspiration in Python
Output Data
Timestamp: 2025-02-11 11:02:18
Simulation start date: 1994-09-18
Simulation end date: 1994-09-28
Soil method: D - Default FAO-56 homogenous soil bucket approach
************************************************************************
Comments: 1994 Fallow -- CSSRI, Karnal
************************************************************************
Year-DOY        Date    Year  DOY  DOW  Day   ETref     ETc  ETcadj       T       E       p      Ks       h      Zr      fc    tKcb     Kcb   Kcmax      Kc   Kcadj      Ke      Kr      fw     few      De     DPe   Irrig IrrLoss    Rain  Runoff      DP     TAW     DAW     RAW    Veff      Vp      Vs      Vr      Ds      Dr     fDr     fDs  theta0      Se       K
1994-261  1994-09-18    1994  261  Sun  0     5.181   0.000   0.000   0.000   0.000   0.800   1.000   1.000   1.000   0.000   0.000   0.000   1.130   0.000   0.000   0.000   0.000   1.000   1.000  19.909   0.000   0.000   0.000   0.000   0.000  15.968 122.153   0.000  97.722 138.121   0.000   0.000   0.000   0.000   0.000   0.000   0.000   0.292   0.737   0.141
1994-262  1994-09-19    1994  262  Mon  1     4.988   0.000   0.000   0.000   0.000   0.800   1.000   1.000   1.000   0.000   0.000   0.000   1.119   0.000   0.000   0.000   0.000   1.000   1.000  19.909   0.000   0.000   0.000   0.000   0.000   0.000 122.153   0.000  97.722 122.153   0.000   0.000   0.000   0.000   0.000   0.000   0.000   0.276   0.678   0.061
1994-263  1994-09-20    1994  263  Tue  2     5.266   0.000   0.000   0.000   0.000   0.800   1.000   1.000   1.000   0.000   0.000   0.000   1.127   0.000   0.000   0.000   0.000   1.000   1.000  19.909   0.000   0.000   0.000   0.000   0.000   0.000 122.153   0.000  97.722 122.153   0.000   0.000   0.000   0.000   0.000   0.000   0.000   0.276   0.678   0.061
1994-264  1994-09-21    1994  264  Wed  3     5.516   0.000   0.000   0.000   0.000   0.800   1.000   1.000   1.000   0.000   0.000   0.000   1.138   0.000   0.000   0.000   0.000   1.000   1.000  19.909   0.000   0.000   0.000   0.000   0.000   0.000 122.153   0.000  97.722 122.153   0.000   0.000   0.000   0.000   0.000   0.000   0.000   0.276   0.678   0.061
1994-265  1994-09-22    1994  265  Thu  4     5.298   0.000   0.000   0.000   0.000   0.800   1.000   1.000   1.000   0.000   0.000   0.000   1.133   0.000   0.000   0.000   0.000   1.000   1.000  19.909   0.000   0.000   0.000   0.000   0.000   0.000 122.153   0.000  97.722 122.153   0.000   0.000   0.000   0.000   0.000   0.000   0.000   0.276   0.678   0.061
1994-266  1994-09-23    1994  266  Fri  5     5.956   0.000   0.000   0.000   0.000   0.800   1.000   1.000   1.000   0.000   0.000   0.000   1.153   0.000   0.000   0.000   0.000   1.000   1.000  19.909   0.000   0.000   0.000   0.000   0.000   0.000 122.153   0.000  97.722 122.153   0.000   0.000   0.000   0.000   0.000   0.000   0.000   0.276   0.678   0.061
1994-267  1994-09-24    1994  267  Sat  6     6.003   0.000   0.000   0.000   0.000   0.800   1.000   1.000   1.000   0.000   0.000   0.000   1.152   0.000   0.000   0.000   0.000   1.000   1.000  19.909   0.000   0.000   0.000   0.000   0.000   0.000 122.153   0.000  97.722 122.153   0.000   0.000   0.000   0.000   0.000   0.000   0.000   0.276   0.678   0.061
1994-268  1994-09-25    1994  268  Sun  7     6.178   0.000   0.000   0.000   0.000   0.800   1.000   1.000   1.000   0.000   0.000   0.000   1.144   0.000   0.000   0.000   0.000   1.000   1.000  19.909   0.000   0.000   0.000   0.000   0.000   0.000 122.153   0.000  97.722 122.153   0.000   0.000   0.000   0.000   0.000   0.000   0.000   0.276   0.678   0.061
1994-269  1994-09-26    1994  269  Mon  8     6.047   0.000   0.000   0.000   0.000   0.800   1.000   1.000   1.000   0.000   0.000   0.000   1.139   0.000   0.000   0.000   0.000   1.000   1.000  19.909   0.000   0.000   0.000   0.000   0.000   0.000 122.153   0.000  97.722 122.153   0.000   0.000   0.000   0.000   0.000   0.000   0.000   0.276   0.678   0.061
1994-270  1994-09-27    1994  270  Tue  9     5.758   0.000   0.000   0.000   0.000   0.800   1.000   1.000   1.000   0.000   0.000   0.000   1.133   0.000   0.000   0.000   0.000   1.000   1.000  19.909   0.000   0.000   0.000   0.000   0.000   0.000 122.153   0.000  97.722 122.153   0.000   0.000   0.000   0.000   0.000   0.000   0.000   0.276   0.678   0.061
1994-271  1994-09-28    1994  271  Wed  10    5.296   0.000   0.000   0.000   0.000   0.800   1.000   1.000   1.000   0.000   0.000   0.000   1.114   0.000   0.000   0.000   0.000   1.000   1.000  19.909   0.000   0.000   0.000   0.000   0.000   0.000 122.153   0.000  97.722 122.153   0.000   0.000   0.000   0.000   0.000   0.000   0.000   0.276   0.678   0.061