************************************************************************
pyfao56: FAO-56 Evapotranspiration in Python
Output Data
Timestamp: 2025-02-11 11:02:20
Simulation start date: 2003-09-18
Simulation end date: 2003-09-28
Soil method: D - Default FAO-56 homogenous soil bucket approach
************************************************************************
Comments: 2003 Fallow -- CSSRI, Karnal
************************************************************************
Year-DOY        Date    Year  DOY  DOW  Day   ETref     ETc  ETcadj       T       E       p      Ks       h      Zr      fc    tKcb     Kcb   Kcmax      Kc   Kcadj      Ke      Kr      fw     few      De     DPe   Irrig IrrLoss    Rain  Runoff      DP     TAW     DAW     RAW    Veff      Vp      Vs      Vr      Ds      Dr     fDr     fDs  theta0      Se       K
2003-261  2003-09-18    2003  261  Thu  0     3.828   0.000   0.000   0.000   0.000   0.800   1.000   1.000   1.000   0.000   0.000   0.000   1.077   0.000   0.000   0.000   0.000   1.000   1.000  19.909   0.000   0.000   0.000   0.000   0.000   0.000 122.153   0.000  97.722 120.121   0.000   0.000   0.000   0.000   2.032   0.017   0.000   0.274   0.670   0.054
2003-262  2003-09-19    2003  262  Fri  1     4.564   0.000   0.000   0.000   0.000   0.800   1.000   1.000   1.000   0.000   0.000   0.000   1.081   0.000   0.000   0.000   0.000   1.000   1.000  19.909   0.000   0.000   0.000   0.000   0.000   0.000 122.153   0.000  97.722 120.121   0.000   0.000   0.000   0.000   2.032   0.017   0.000   0.274   0.670   0.054
2003-263  2003-09-20    2003  263  Sat  2     4.634   0.000   0.000   0.000   0.000   0.800   1.000   1.000   1.000   0.000   0.000   0.000   1.080   0.000   0.000   0.000   0.000   1.000   1.000  19.909   0.000   0.000   0.000   0.000   0.000   0.000 122.153   0.000  97.722 120.121   0.000   0.000   0.000   0.000   2.032   0.017   0.000   0.274   0.670   0.054
2003-264  2003-09-21    2003  264  Sun  3     4.621   0.000   0.000   0.000   0.000   0.800   1.000   1.000   1.000   0.000   0.000   0.000   1.095   0.000   0.000   0.000   0.000   1.000   1.000  19.909   0.000   0.000   0.000   0.000   0.000   0.000 122.153   0.000  97.722 120.121   0.000   0.000   0.000   0.000   2.032   0.017   0.000   0.274   0.670   0.054
2003-265  2003-09-22    2003  265  Mon  4     4.471   0.000   0.000   0.000   0.000   0.800   1.000   1.000   1.000   0.000   0.000   0.000   1.113   0.000   0.000   0.000   0.000   1.000   1.000  19.909   0.000   0.000   0.000   0.000   0.000   0.000 122.153   0.000  97.722 120.121   0.000   0.000   0.000   0.000   2.032   0.017   0.000   0.274   0.670   0.054
2003-266  2003-09-23    2003  266  Tue  5     2.892   0.000   0.000   0.000   0.000   0.800   1.000   1.000   1.000   0.000   0.000   0.000   1.145   0.000   0.000   0.000   0.000   1.000   1.000  19.909   0.000   0.000   0.000   0.000   0.000   0.000 122.153   0.000  97.722 120.121   0.000   0.000   0.000   0.000   2.032   0.017   0.000   0.274   0.670   0.054
2003-267  2003-09-24    2003  267  Wed  6     4.250   0.000   0.000   0.000   0.000   0.800   1.000   1.000   1.000   0.000   0.000   0.000   1.126   0.000   0.000   0.000   0.000   1.000   1.000  19.909   0.000   0.000   0.000   0.000   0.000   0.000 122.153   0.000  97.722 120.121   0.000   0.000   0.000   0.000   2.032   0.017   0.000   0.274   0.670   0.054
2003-268  2003-09-25    2003  268  Thu  7     4.089   0.000   0.000   0.000   0.000   0.800   1.000   1.000   1.000   0.000   0.000   0.000   1.111   0.000   0.000   0.000   0.000   1.000   1.000  19.909   0.000   0.000   0.000   0.000   0.000   0.000 122.153   0.000  97.722 120.121   0.000   0.000   0.000   0.000   2.032   0.017   0.000   0.274   0.670   0.054
2003-269  2003-09-26    2003  269  Fri  8     4.304   0.000   0.000   0.000   0.000   0.800   1.000   1.000   1.000   0.000   0.000   0.000   1.092   0.000   0.000   0.000   0.000   1.000   1.000  19.909   0.000   0.000   0.000   0.000   0.000   0.000 122.153   0.000  97.722 120.121   0.000   0.000   0.000   0.000   2.032   0.017   0.000   0.274   0.670   0.054
2003-270  2003-09-27    2003  270  Sat  9     4.677   0.000   0.000   0.000   0.000   0.800   1.000   1.000   1.000   0.000   0.000   0.000   1.088   0.000   0.000   0.000   0.000   1.000   1.000  19.909   0.000   0.000   0.000   0.000   0.000   0.000 122.153   0.000  97.722 120.121   0.000   0.000   0.000   0.000   2.032   0.017   0.000   0.274   0.670   0.054
2003-271  2003-09-28    2003  271  Sun  10    4.539   0.000   0.000   0.000   0.000   0.800   1.000   1.000   1.000   0.000   0.000   0.000   1.077   0.000   0.000   0.000   0.000   1.000   1.000  19.909   0.000   0.000   0.000   0.000   0.000   0.000 122.153   0.000  97.722 120.121   0.000   0.000   0.000   0.000   2.032   0.017   0.000   0.274   0.670   0.054