************************************************************************
pyfao56: FAO-56 Evapotranspiration in Python
Output Data
Timestamp: 2025-02-11 11:02:18
Simulation start date: 1991-09-18
Simulation end date: 1991-09-28
Soil method: D - Default FAO-56 homogenous soil bucket approach
************************************************************************
Comments: 1991 Fallow -- CSSRI, Karnal
************************************************************************
Year-DOY        Date    Year  DOY  DOW  Day   ETref     ETc  ETcadj       T       E       p      Ks       h      Zr      fc    tKcb     Kcb   Kcmax      Kc   Kcadj      Ke      Kr      fw     few      De     DPe   Irrig IrrLoss    Rain  Runoff      DP     TAW     DAW     RAW    Veff      Vp      Vs      Vr      Ds      Dr     fDr     fDs  theta0      Se       K
1991-261  1991-09-18    1991  261  Wed  0     5.076   0.000   0.000   0.000   0.000   0.800   1.000   1.000   1.000   0.000   0.000   0.000   1.119   0.000   0.000   0.000   0.000   1.000   1.000  19.909   0.000   0.000   0.000   0.000   0.000   0.000 122.153   0.000  97.722 112.121   0.000   0.000   0.000   0.000  10.032   0.082   0.000   0.266   0.640   0.035
1991-262  1991-09-19    1991  262  Thu  1     5.434   0.000   0.000   0.000   0.000   0.800   1.000   1.000   1.000   0.000   0.000   0.000   1.119   0.000   0.000   0.000   0.000   1.000   1.000  19.909   0.000   0.000   0.000   0.000   0.000   0.000 122.153   0.000  97.722 112.121   0.000   0.000   0.000   0.000  10.032   0.082   0.000   0.266   0.640   0.035
1991-263  1991-09-20    1991  263  Fri  2     5.545   0.000   0.000   0.000   0.000   0.800   1.000   1.000   1.000   0.000   0.000   0.000   1.119   0.000   0.000   0.000   0.000   1.000   1.000  19.909   0.000   0.000   0.000   0.000   0.000   0.000 122.153   0.000  97.722 112.121   0.000   0.000   0.000   0.000  10.032   0.082   0.000   0.266   0.640   0.035
1991-264  1991-09-21    1991  264  Sat  3     5.573   0.000   0.000   0.000   0.000   0.800   1.000   1.000   1.000   0.000   0.000   0.000   1.111   0.000   0.000   0.000   0.000   1.000   1.000  19.909   0.000   0.000   0.000   0.000   0.000   0.000 122.153   0.000  97.722 112.121   0.000   0.000   0.000   0.000  10.032   0.082   0.000   0.266   0.640   0.035
1991-265  1991-09-22    1991  265  Sun  4     5.588   0.000   0.000   0.000   0.000   0.800   1.000   1.000   1.000   0.000   0.000   0.000   1.105   0.000   0.000   0.000   0.000   1.000   1.000  19.909   0.000   0.000   0.000   0.000   0.000   0.000 122.153   0.000  97.722 112.121   0.000   0.000   0.000   0.000  10.032   0.082   0.000   0.266   0.640   0.035
1991-266  1991-09-23    1991  266  Mon  5     4.866   0.000   0.000   0.000   0.000   0.800   1.000   1.000   1.000   0.000   0.000   0.000   1.079   0.000   0.000   0.000   0.000   1.000   1.000  19.909   0.000   0.000   0.000   0.000   0.000   0.000 122.153   0.000  97.722 112.121   0.000   0.000   0.000   0.000  10.032   0.082   0.000   0.266   0.640   0.035
1991-267  1991-09-24    1991  267  Tue  6     4.953   0.000   0.000   0.000   0.000   0.800   1.000   1.000   1.000   0.000   0.000   0.000   1.090   0.000   0.000   0.000   0.000   1.000   1.000  19.909   0.000   0.000   0.000   0.000   0.000   0.000 122.153   0.000  97.722 112.121   0.000   0.000   0.000   0.000  10.032   0.082   0.000   0.266   0.640   0.035
1991-268  1991-09-25    1991  268  Wed  7     5.354   0.000   0.000   0.000   0.000   0.800   1.000   1.000   1.000   0.000   0.000   0.000   1.098   0.000   0.000   0.000   0.000   1.000   1.000  19.909   0.000   0.000   0.000   0.000   0.000   0.000 122.153   0.000  97.722 112.121   0.000   0.000   0.000   0.000  10.032   0.082   0.000   0.266   0.640   0.035
1991-269  1991-09-26    1991  269  Thu  8     5.105   0.000   0.000   0.000   0.000   0.800   1.000   1.000   1.000   0.000   0.000   0.000   1.087   0.000   0.000   0.000   0.000   1.000   1.000  19.909   0.000   0.000   0.000   0.000   0.000   0.000 122.153   0.000  97.722 112.121   0.000   0.000   0.000   0.000  10.032   0.082   0.000   0.266   0.640   0.035
1991-270  1991-09-27    1991  270  Fri  9     6.852   0.000   0.000   0.000   0.000   0.800   1.000   1.000   1.000   0.000   0.000   0.000   1.152   0.000   0.000   0.000   0.000   1.000   1.000  19.909   0.000   0.000   0.000   0.000   0.000   0.000 122.153   0.000  97.722 112.121   0.000   0.000   0.000   0.000  10.032   0.082   0.000   0.266   0.640   0.035
1991-271  1991-09-28    1991  271  Sat  10    6.740   0.000   0.000   0.000   0.000   0.800   1.000   1.000   1.000   0.000   0.000   0.000   1.162   0.000   0.000   0.000   0.000   1.000   1.000  19.909   0.000   0.000   0.000   0.000   0.000   0.000 122.153   0.000  97.722 112.121   0.000   0.000   0.000   0.000  10.032   0.082   0.000   0.266   0.640   0.035