************************************************************************
pyfao56: FAO-56 Evapotranspiration in Python
Output Data
Timestamp: 2025-02-11 11:02:20
Simulation start date: 2000-09-18
Simulation end date: 2000-09-28
Soil method: D - Default FAO-56 homogenous soil bucket approach
************************************************************************
Comments: 2000 Fallow -- CSSRI, Karnal
************************************************************************
Year-DOY        Date    Year  DOY  DOW  Day   ETref     ETc  ETcadj       T       E       p      Ks       h      Zr      fc    tKcb     Kcb   Kcmax      Kc   Kcadj      Ke      Kr      fw     few      De     DPe   Irrig IrrLoss    Rain  Runoff      DP     TAW     DAW     RAW    Veff      Vp      Vs      Vr      Ds      Dr     fDr     fDs  theta0      Se       K
2000-262  2000-09-18    2000  262  Mon  0     5.708   0.000   0.000   0.000   0.000   0.800   1.000   1.000   1.000   0.000   0.000   0.000   1.094   0.000   0.000   0.000   0.000   1.000   1.000  19.909   0.000   0.000   0.000   0.000   0.000   0.000 122.153   0.000  97.722 118.121   0.000   0.000   0.000   0.000   4.032   0.033   0.000   0.272   0.663   0.049
2000-263  2000-09-19    2000  263  Tue  1     4.862   0.000   0.000   0.000   0.000   0.800   1.000   1.000   1.000   0.000   0.000   0.000   1.110   0.000   0.000   0.000   0.000   1.000   1.000  19.909   0.000   0.000   0.000   0.000   0.000   0.000 122.153   0.000  97.722 118.121   0.000   0.000   0.000   0.000   4.032   0.033   0.000   0.272   0.663   0.049
2000-264  2000-09-20    2000  264  Wed  2     4.131   0.000   0.000   0.000   0.000   0.800   1.000   1.000   1.000   0.000   0.000   0.000   1.103   0.000   0.000   0.000   0.000   1.000   1.000  19.909   0.000   0.000   0.000   0.000   0.000   0.000 122.153   0.000  97.722 118.121   0.000   0.000   0.000   0.000   4.032   0.033   0.000   0.272   0.663   0.049
2000-265  2000-09-21    2000  265  Thu  3     4.396   0.000   0.000   0.000   0.000   0.800   1.000   1.000   1.000   0.000   0.000   0.000   1.095   0.000   0.000   0.000   0.000   1.000   1.000  19.909   0.000   0.000   0.000   0.000   0.000   0.000 122.153   0.000  97.722 118.121   0.000   0.000   0.000   0.000   4.032   0.033   0.000   0.272   0.663   0.049
2000-266  2000-09-22    2000  266  Fri  4     4.798   0.000   0.000   0.000   0.000   0.800   1.000   1.000   1.000   0.000   0.000   0.000   1.104   0.000   0.000   0.000   0.000   1.000   1.000  19.909   0.000   0.000   0.000   0.000   0.000   0.000 122.153   0.000  97.722 118.121   0.000   0.000   0.000   0.000   4.032   0.033   0.000   0.272   0.663   0.049
2000-267  2000-09-23    2000  267  Sat  5     5.075   0.000   0.000   0.000   0.000   0.800   1.000   1.000   1.000   0.000   0.000   0.000   1.095   0.000   0.000   0.000   0.000   1.000   1.000  19.909   0.000   0.000   0.000   0.000   0.000   0.000 122.153   0.000  97.722 118.121   0.000   0.000   0.000   0.000   4.032   0.033   0.000   0.272   0.663   0.049
2000-268  2000-09-24    2000  268  Sun  6     5.757   0.000   0.000   0.000   0.000   0.800   1.000   1.000   1.000   0.000   0.000   0.000   1.115   0.000   0.000   0.000   0.000   1.000   1.000  19.909   0.000   0.000   0.000   0.000   0.000   0.000 122.153   0.000  97.722 118.121   0.000   0.000   0.000   0.000   4.032   0.033   0.000   0.272   0.663   0.049
2000-269  2000-09-25    2000  269  Mon  7     4.870   0.000   0.000   0.000   0.000   0.800   1.000   1.000   1.000   0.000   0.000   0.000   1.083   0.000   0.000   0.000   0.000   1.000   1.000  19.909   0.000   0.000   0.000   0.000   0.000   0.000 122.153   0.000  97.722 118.121   0.000   0.000   0.000   0.000   4.032   0.033   0.000   0.272   0.663   0.049
2000-270  2000-09-26    2000  270  Tue  8     4.257   0.000   0.000   0.000   0.000   0.800   1.000   1.000   1.000   0.000   0.000   0.000   1.092   0.000   0.000   0.000   0.000   1.000   1.000  19.909   0.000   0.000   0.000   0.000   0.000   0.000 122.153   0.000  97.722 118.121   0.000   0.000   0.000   0.000   4.032   0.033   0.000   0.272   0.663   0.049
2000-271  2000-09-27    2000  271  Wed  9     5.181   0.000   0.000   0.000   0.000   0.800   1.000   1.000   1.000   0.000   0.000   0.000   1.098   0.000   0.000   0.000   0.000   1.000   1.000  19.909   0.000   0.000   0.000   0.000   0.000   0.000 122.153   0.000  97.722 118.121   0.000   0.000   0.000   0.000   4.032   0.033   0.000   0.272   0.663   0.049
2000-272  2000-09-28    2000  272  Thu  10    5.119   0.000   0.000   0.000   0.000   0.800   1.000   1.000   1.000   0.000   0.000   0.000   1.098   0.000   0.000   0.000   0.000   1.000   1.000  19.909   0.000   0.000   0.000   0.000   0.000   0.000 122.153   0.000  97.722 118.121   0.000   0.000   0.000   0.000   4.032   0.033   0.000   0.272   0.663   0.049