************************************************************************
pyfao56: FAO-56 Evapotranspiration in Python
Output Data
Timestamp: 2025-02-11 11:02:20
Simulation start date: 1999-09-18
Simulation end date: 1999-09-28
Soil method: D - Default FAO-56 homogenous soil bucket approach
************************************************************************
Comments: 1999 Fallow -- CSSRI, Karnal
************************************************************************
Year-DOY        Date    Year  DOY  DOW  Day   ETref     ETc  ETcadj       T       E       p      Ks       h      Zr      fc    tKcb     Kcb   Kcmax      Kc   Kcadj      Ke      Kr      fw     few      De     DPe   Irrig IrrLoss    Rain  Runoff      DP     TAW     DAW     RAW    Veff      Vp      Vs      Vr      Ds      Dr     fDr     fDs  theta0      Se       K
1999-261  1999-09-18    1999  261  Sat  0     4.060   0.000   0.000   0.000   0.000   0.800   1.000   1.000   1.000   0.000   0.000   0.000   1.101   0.000   0.000   0.000   0.000   1.000   1.000  19.909   0.000   0.000   0.000   0.000   0.000  12.968 122.153   0.000  97.722 135.121   0.000   0.000   0.000   0.000   0.000   0.000   0.000   0.289   0.726   0.121
1999-262  1999-09-19    1999  262  Sun  1     3.294   0.000   0.000   0.000   0.000   0.800   1.000   1.000   1.000   0.000   0.000   0.000   1.092   0.000   0.000   0.000   0.000   1.000   1.000  19.909   0.000   0.000   0.000   0.000   0.000   0.000 122.153   0.000  97.722 122.153   0.000   0.000   0.000   0.000   0.000   0.000   0.000   0.276   0.678   0.061
1999-263  1999-09-20    1999  263  Mon  2     5.005   0.000   0.000   0.000   0.000   0.800   1.000   1.000   1.000   0.000   0.000   0.000   1.091   0.000   0.000   0.000   0.000   1.000   1.000  19.909   0.000   0.000   0.000   0.000   0.000   0.000 122.153   0.000  97.722 122.153   0.000   0.000   0.000   0.000   0.000   0.000   0.000   0.276   0.678   0.061
1999-264  1999-09-21    1999  264  Tue  3     4.941   0.000   0.000   0.000   0.000   0.800   1.000   1.000   1.000   0.000   0.000   0.000   1.087   0.000   0.000   0.000   0.000   1.000   1.000  19.909   0.000   0.000   0.000   0.000   0.000   0.000 122.153   0.000  97.722 122.153   0.000   0.000   0.000   0.000   0.000   0.000   0.000   0.276   0.678   0.061
1999-265  1999-09-22    1999  265  Wed  4     4.974   0.000   0.000   0.000   0.000   0.800   1.000   1.000   1.000   0.000   0.000   0.000   1.107   0.000   0.000   0.000   0.000   1.000   1.000  19.909   0.000   0.000   0.000   0.000   0.000   0.000 122.153   0.000  97.722 122.153   0.000   0.000   0.000   0.000   0.000   0.000   0.000   0.276   0.678   0.061
1999-266  1999-09-23    1999  266  Thu  5     3.873   0.000   0.000   0.000   0.000   0.800   1.000   1.000   1.000   0.000   0.000   0.000   1.138   0.000   0.000   0.000   0.000   1.000   1.000  19.909   0.000   0.000   0.000   0.000   0.000   0.000 122.153   0.000  97.722 122.153   0.000   0.000   0.000   0.000   0.000   0.000   0.000   0.276   0.678   0.061
1999-267  1999-09-24    1999  267  Fri  6     3.983   0.000   0.000   0.000   0.000   0.800   1.000   1.000   1.000   0.000   0.000   0.000   1.099   0.000   0.000   0.000   0.000   1.000   1.000  19.909   0.000   0.000   0.000   0.000   0.000   0.000 122.153   0.000  97.722 122.153   0.000   0.000   0.000   0.000   0.000   0.000   0.000   0.276   0.678   0.061
1999-268  1999-09-25    1999  268  Sat  7     4.795   0.000   0.000   0.000   0.000   0.800   1.000   1.000   1.000   0.000   0.000   0.000   1.088   0.000   0.000   0.000   0.000   1.000   1.000  19.909   0.000   0.000   0.000   0.000   0.000   0.000 122.153   0.000  97.722 122.153   0.000   0.000   0.000   0.000   0.000   0.000   0.000   0.276   0.678   0.061
1999-269  1999-09-26    1999  269  Sun  8     5.022   0.000   0.000   0.000   0.000   0.800   1.000   1.000   1.000   0.000   0.000   0.000   1.096   0.000   0.000   0.000   0.000   1.000   1.000  19.909   0.000   0.000   0.000   0.000   0.000   0.000 122.153   0.000  97.722 122.153   0.000   0.000   0.000   0.000   0.000   0.000   0.000   0.276   0.678   0.061
1999-270  1999-09-27    1999  270  Mon  9     4.879   0.000   0.000   0.000   0.000   0.800   1.000   1.000   1.000   0.000   0.000   0.000   1.136   0.000   0.000   0.000   0.000   1.000   1.000  19.909   0.000   0.000   0.000   0.000   0.000   0.000 122.153   0.000  97.722 122.153   0.000   0.000   0.000   0.000   0.000   0.000   0.000   0.276   0.678   0.061
1999-271  1999-09-28    1999  271  Tue  10    4.351   0.000   0.000   0.000   0.000   0.800   1.000   1.000   1.000   0.000   0.000   0.000   1.110   0.000   0.000   0.000   0.000   1.000   1.000  19.909   0.000   0.000   0.000   0.000   0.000   0.000 122.153   0.000  97.722 122.153   0.000   0.000   0.000   0.000   0.000   0.000   0.000   0.276   0.678   0.061