************************************************************************
pyfao56: FAO-56 Evapotranspiration in Python
Output Data
Timestamp: 2025-02-11 11:02:22
Simulation start date: 2010-09-18
Simulation end date: 2010-09-28
Soil method: D - Default FAO-56 homogenous soil bucket approach
************************************************************************
Comments: 2010 Fallow -- CSSRI, Karnal
************************************************************************
Year-DOY        Date    Year  DOY  DOW  Day   ETref     ETc  ETcadj       T       E       p      Ks       h      Zr      fc    tKcb     Kcb   Kcmax      Kc   Kcadj      Ke      Kr      fw     few      De     DPe   Irrig IrrLoss    Rain  Runoff      DP     TAW     DAW     RAW    Veff      Vp      Vs      Vr      Ds      Dr     fDr     fDs  theta0      Se       K
2010-261  2010-09-18    2010  261  Sat  0     3.350   0.000   0.000   0.000   0.000   0.800   1.000   1.000   1.000   0.000   0.000   0.000   1.114   0.000   0.000   0.000   0.000   1.000   1.000  19.909   0.000   0.000   0.000   0.000   0.000  30.968 122.153   0.000  97.722 153.121   0.000   0.000   0.000   0.000   0.000   0.000   0.000   0.307   0.794   0.305
2010-262  2010-09-19    2010  262  Sun  1     1.822   0.000   0.000   0.000   0.000   0.800   1.000   1.000   1.000   0.000   0.000   0.000   1.114   0.000   0.000   0.000   0.000   1.000   1.000   0.000   0.305   0.000   0.000  61.575   0.000  61.575 122.153   0.000  97.722 183.728   0.000   0.000   0.000   0.000   0.000   0.000   0.000   0.338   0.908   1.547
2010-263  2010-09-20    2010  263  Mon  2     1.796   2.003   2.003   0.000   2.003   0.800   1.000   1.000   1.000   0.000   0.000   0.000   1.115   1.115   1.115   1.115   1.000   1.000   1.000   2.003   0.000   0.000   0.000   0.000   0.000   0.000 122.153   0.000  97.722 120.150   0.000   0.000   0.000   0.000   2.003   0.016   0.000   0.274   0.670   0.055
2010-264  2010-09-21    2010  264  Tue  3     3.279   3.695   3.695   0.000   3.695   0.800   1.000   1.000   1.000   0.000   0.000   0.000   1.127   1.127   1.127   1.127   1.000   1.000   1.000   5.698   0.000   0.000   0.000   0.000   0.000   0.000 122.153   0.000  97.722 116.455   0.000   0.000   0.000   0.000   5.698   0.047   0.000   0.270   0.656   0.045
2010-265  2010-09-22    2010  265  Wed  4     2.154   2.439   2.439   0.000   2.439   0.800   1.000   1.000   1.000   0.000   0.000   0.000   1.132   1.132   1.132   1.132   1.000   1.000   1.000   8.137   0.000   0.000   0.000   0.000   0.000   0.000 122.153   0.000  97.722 114.016   0.000   0.000   0.000   0.000   8.137   0.067   0.000   0.268   0.647   0.039
2010-266  2010-09-23    2010  266  Thu  5     3.947   3.705   3.705   0.000   3.705   0.800   1.000   1.000   1.000   0.000   0.000   0.000   1.109   0.939   0.939   0.939   0.846   1.000   1.000  11.843   0.000   0.000   0.000   0.000   0.000   0.000 122.153   0.000  97.722 110.310   0.000   0.000   0.000   0.000  11.843   0.097   0.000   0.264   0.633   0.032
2010-267  2010-09-24    2010  267  Fri  6     4.340   2.752   2.752   0.000   2.752   0.800   1.000   1.000   1.000   0.000   0.000   0.000   1.093   0.634   0.634   0.634   0.580   1.000   1.000  14.595   0.000   0.000   0.000   0.000   0.000   0.000 122.153   0.000  97.722 107.558   0.000   0.000   0.000   0.000  14.595   0.119   0.000   0.261   0.623   0.027
2010-268  2010-09-25    2010  268  Sat  7     4.768   2.025   2.025   0.000   2.025   0.800   1.000   1.000   1.000   0.000   0.000   0.000   1.112   0.425   0.425   0.425   0.382   1.000   1.000  16.620   0.000   0.000   0.000   0.000   0.000   0.000 122.153   0.000  97.722 105.533   0.000   0.000   0.000   0.000  16.620   0.136   0.000   0.259   0.615   0.024
2010-269  2010-09-26    2010  269  Sun  8     4.967   1.307   1.307   0.000   1.307   0.800   1.000   1.000   1.000   0.000   0.000   0.000   1.112   0.263   0.263   0.263   0.237   1.000   1.000  17.926   0.000   0.000   0.000   0.000   0.000   0.000 122.153   0.000  97.722 104.227   0.000   0.000   0.000   0.000  17.926   0.147   0.000   0.258   0.610   0.022
2010-270  2010-09-27    2010  270  Mon  9     5.500   0.880   0.880   0.000   0.880   0.800   1.000   1.000   1.000   0.000   0.000   0.000   1.122   0.160   0.160   0.160   0.143   1.000   1.000  18.807   0.000   0.000   0.000   0.000   0.000   0.000 122.153   0.000  97.722 103.346   0.000   0.000   0.000   0.000  18.807   0.154   0.000   0.257   0.607   0.021
2010-271  2010-09-28    2010  271  Tue  10    5.478   0.487   0.487   0.000   0.487   0.800   1.000   1.000   1.000   0.000   0.000   0.000   1.120   0.089   0.089   0.089   0.079   1.000   1.000  19.293   0.000   0.000   0.000   0.000   0.000   0.000 122.153   0.000  97.722 102.860   0.000   0.000   0.000   0.000  19.293   0.158   0.000   0.257   0.605   0.021