************************************************************************
pyfao56: FAO-56 Evapotranspiration in Python
Output Data
Timestamp: 2025-02-11 11:02:25
Simulation start date: 2016-09-18
Simulation end date: 2016-09-28
Soil method: D - Default FAO-56 homogenous soil bucket approach
************************************************************************
Comments: 2016 Fallow -- CSSRI, Karnal
************************************************************************
Year-DOY        Date    Year  DOY  DOW  Day   ETref     ETc  ETcadj       T       E       p      Ks       h      Zr      fc    tKcb     Kcb   Kcmax      Kc   Kcadj      Ke      Kr      fw     few      De     DPe   Irrig IrrLoss    Rain  Runoff      DP     TAW     DAW     RAW    Veff      Vp      Vs      Vr      Ds      Dr     fDr     fDs  theta0      Se       K
2016-262  2016-09-18    2016  262  Sun  0     4.605   0.000   0.000   0.000   0.000   0.800   1.000   1.000   1.000   0.000   0.000   0.000   1.106   0.000   0.000   0.000   0.000   1.000   1.000  19.909   0.000   0.000   0.000   0.000   0.000   0.000 122.153   0.000  97.722 105.121   0.000   0.000   0.000   0.000  17.032   0.139   0.000   0.259   0.614   0.023
2016-263  2016-09-19    2016  263  Mon  1     4.043   0.000   0.000   0.000   0.000   0.800   1.000   1.000   1.000   0.000   0.000   0.000   1.075   0.000   0.000   0.000   0.000   1.000   1.000  19.909   0.000   0.000   0.000   0.000   0.000   0.000 122.153   0.000  97.722 105.121   0.000   0.000   0.000   0.000  17.032   0.139   0.000   0.259   0.614   0.023
2016-264  2016-09-20    2016  264  Tue  2     4.244   0.000   0.000   0.000   0.000   0.800   1.000   1.000   1.000   0.000   0.000   0.000   1.076   0.000   0.000   0.000   0.000   1.000   1.000  19.909   0.000   0.000   0.000   0.000   0.000   0.000 122.153   0.000  97.722 105.121   0.000   0.000   0.000   0.000  17.032   0.139   0.000   0.259   0.614   0.023
2016-265  2016-09-21    2016  265  Wed  3     4.363   0.000   0.000   0.000   0.000   0.800   1.000   1.000   1.000   0.000   0.000   0.000   1.139   0.000   0.000   0.000   0.000   1.000   1.000  19.909   0.000   0.000   0.000   0.000   0.000   0.000 122.153   0.000  97.722 105.121   0.000   0.000   0.000   0.000  17.032   0.139   0.000   0.259   0.614   0.023
2016-266  2016-09-22    2016  266  Thu  4     3.016   0.000   0.000   0.000   0.000   0.800   1.000   1.000   1.000   0.000   0.000   0.000   1.130   0.000   0.000   0.000   0.000   1.000   1.000  19.909   0.000   0.000   0.000   0.000   0.000   0.000 122.153   0.000  97.722 105.121   0.000   0.000   0.000   0.000  17.032   0.139   0.000   0.259   0.614   0.023
2016-267  2016-09-23    2016  267  Fri  5     4.139   0.000   0.000   0.000   0.000   0.800   1.000   1.000   1.000   0.000   0.000   0.000   1.081   0.000   0.000   0.000   0.000   1.000   1.000  19.909   0.000   0.000   0.000   0.000   0.000   0.000 122.153   0.000  97.722 105.121   0.000   0.000   0.000   0.000  17.032   0.139   0.000   0.259   0.614   0.023
2016-268  2016-09-24    2016  268  Sat  6     4.203   0.000   0.000   0.000   0.000   0.800   1.000   1.000   1.000   0.000   0.000   0.000   1.096   0.000   0.000   0.000   0.000   1.000   1.000  19.909   0.000   0.000   0.000   0.000   0.000   0.000 122.153   0.000  97.722 105.121   0.000   0.000   0.000   0.000  17.032   0.139   0.000   0.259   0.614   0.023
2016-269  2016-09-25    2016  269  Sun  7     3.989   0.000   0.000   0.000   0.000   0.800   1.000   1.000   1.000   0.000   0.000   0.000   1.085   0.000   0.000   0.000   0.000   1.000   1.000  19.909   0.000   0.000   0.000   0.000   0.000   0.000 122.153   0.000  97.722 105.121   0.000   0.000   0.000   0.000  17.032   0.139   0.000   0.259   0.614   0.023
2016-270  2016-09-26    2016  270  Mon  8     3.830   0.000   0.000   0.000   0.000   0.800   1.000   1.000   1.000   0.000   0.000   0.000   1.088   0.000   0.000   0.000   0.000   1.000   1.000  19.909   0.000   0.000   0.000   0.000   0.000   0.000 122.153   0.000  97.722 105.121   0.000   0.000   0.000   0.000  17.032   0.139   0.000   0.259   0.614   0.023
2016-271  2016-09-27    2016  271  Tue  9     3.963   0.000   0.000   0.000   0.000   0.800   1.000   1.000   1.000   0.000   0.000   0.000   1.093   0.000   0.000   0.000   0.000   1.000   1.000  19.909   0.000   0.000   0.000   0.000   0.000   0.000 122.153   0.000  97.722 105.121   0.000   0.000   0.000   0.000  17.032   0.139   0.000   0.259   0.614   0.023
2016-272  2016-09-28    2016  272  Wed  10    4.066   0.000   0.000   0.000   0.000   0.800   1.000   1.000   1.000   0.000   0.000   0.000   1.086   0.000   0.000   0.000   0.000   1.000   1.000  19.909   0.000   0.000   0.000   0.000   0.000   0.000 122.153   0.000  97.722 105.121   0.000   0.000   0.000   0.000  17.032   0.139   0.000   0.259   0.614   0.023