************************************************************************
pyfao56: FAO-56 Evapotranspiration in Python
Output Data
Timestamp: 2025-02-11 11:02:22
Simulation start date: 2007-09-18
Simulation end date: 2007-09-28
Soil method: D - Default FAO-56 homogenous soil bucket approach
************************************************************************
Comments: 2007 Fallow -- CSSRI, Karnal
************************************************************************
Year-DOY        Date    Year  DOY  DOW  Day   ETref     ETc  ETcadj       T       E       p      Ks       h      Zr      fc    tKcb     Kcb   Kcmax      Kc   Kcadj      Ke      Kr      fw     few      De     DPe   Irrig IrrLoss    Rain  Runoff      DP     TAW     DAW     RAW    Veff      Vp      Vs      Vr      Ds      Dr     fDr     fDs  theta0      Se       K
2007-261  2007-09-18    2007  261  Tue  0     4.587   0.000   0.000   0.000   0.000   0.800   1.000   1.000   1.000   0.000   0.000   0.000   1.078   0.000   0.000   0.000   0.000   1.000   1.000  19.909   0.000   0.000   0.000   0.000   0.000   0.000 122.153   0.000  97.722 112.121   0.000   0.000   0.000   0.000  10.032   0.082   0.000   0.266   0.640   0.035
2007-262  2007-09-19    2007  262  Wed  1     4.880   0.000   0.000   0.000   0.000   0.800   1.000   1.000   1.000   0.000   0.000   0.000   1.103   0.000   0.000   0.000   0.000   1.000   1.000  19.909   0.000   0.000   0.000   0.000   0.000   0.000 122.153   0.000  97.722 112.121   0.000   0.000   0.000   0.000  10.032   0.082   0.000   0.266   0.640   0.035
2007-263  2007-09-20    2007  263  Thu  2     4.940   0.000   0.000   0.000   0.000   0.800   1.000   1.000   1.000   0.000   0.000   0.000   1.112   0.000   0.000   0.000   0.000   1.000   1.000  19.909   0.000   0.000   0.000   0.000   0.000   0.000 122.153   0.000  97.722 112.121   0.000   0.000   0.000   0.000  10.032   0.082   0.000   0.266   0.640   0.035
2007-264  2007-09-21    2007  264  Fri  3     4.822   0.000   0.000   0.000   0.000   0.800   1.000   1.000   1.000   0.000   0.000   0.000   1.098   0.000   0.000   0.000   0.000   1.000   1.000  19.909   0.000   0.000   0.000   0.000   0.000   0.000 122.153   0.000  97.722 112.121   0.000   0.000   0.000   0.000  10.032   0.082   0.000   0.266   0.640   0.035
2007-265  2007-09-22    2007  265  Sat  4     5.219   0.000   0.000   0.000   0.000   0.800   1.000   1.000   1.000   0.000   0.000   0.000   1.104   0.000   0.000   0.000   0.000   1.000   1.000  19.909   0.000   0.000   0.000   0.000   0.000   0.000 122.153   0.000  97.722 112.121   0.000   0.000   0.000   0.000  10.032   0.082   0.000   0.266   0.640   0.035
2007-266  2007-09-23    2007  266  Sun  5     5.110   0.000   0.000   0.000   0.000   0.800   1.000   1.000   1.000   0.000   0.000   0.000   1.085   0.000   0.000   0.000   0.000   1.000   1.000  19.909   0.000   0.000   0.000   0.000   0.000   0.000 122.153   0.000  97.722 112.121   0.000   0.000   0.000   0.000  10.032   0.082   0.000   0.266   0.640   0.035
2007-267  2007-09-24    2007  267  Mon  6     5.565   0.000   0.000   0.000   0.000   0.800   1.000   1.000   1.000   0.000   0.000   0.000   1.106   0.000   0.000   0.000   0.000   1.000   1.000  19.909   0.000   0.000   0.000   0.000   0.000   0.000 122.153   0.000  97.722 112.121   0.000   0.000   0.000   0.000  10.032   0.082   0.000   0.266   0.640   0.035
2007-268  2007-09-25    2007  268  Tue  7     3.964   0.000   0.000   0.000   0.000   0.800   1.000   1.000   1.000   0.000   0.000   0.000   1.101   0.000   0.000   0.000   0.000   1.000   1.000  19.909   0.000   0.000   0.000   0.000   0.000   0.000 122.153   0.000  97.722 112.121   0.000   0.000   0.000   0.000  10.032   0.082   0.000   0.266   0.640   0.035
2007-269  2007-09-26    2007  269  Wed  8     3.750   0.000   0.000   0.000   0.000   0.800   1.000   1.000   1.000   0.000   0.000   0.000   1.113   0.000   0.000   0.000   0.000   1.000   1.000  19.909   0.000   0.000   0.000   0.000   0.000   0.000 122.153   0.000  97.722 112.121   0.000   0.000   0.000   0.000  10.032   0.082   0.000   0.266   0.640   0.035
2007-270  2007-09-27    2007  270  Thu  9     3.878   0.000   0.000   0.000   0.000   0.800   1.000   1.000   1.000   0.000   0.000   0.000   1.088   0.000   0.000   0.000   0.000   1.000   1.000  19.909   0.000   0.000   0.000   0.000   0.000   0.000 122.153   0.000  97.722 112.121   0.000   0.000   0.000   0.000  10.032   0.082   0.000   0.266   0.640   0.035
2007-271  2007-09-28    2007  271  Fri  10    4.490   0.000   0.000   0.000   0.000   0.800   1.000   1.000   1.000   0.000   0.000   0.000   1.093   0.000   0.000   0.000   0.000   1.000   1.000  19.909   0.000   0.000   0.000   0.000   0.000   0.000 122.153   0.000  97.722 112.121   0.000   0.000   0.000   0.000  10.032   0.082   0.000   0.266   0.640   0.035