************************************************************************
pyfao56: FAO-56 Evapotranspiration in Python
Output Data
Timestamp: 2025-02-11 11:02:18
Simulation start date: 1990-09-18
Simulation end date: 1990-09-28
Soil method: D - Default FAO-56 homogenous soil bucket approach
************************************************************************
Comments: 1990 Fallow -- CSSRI, Karnal
************************************************************************
Year-DOY        Date    Year  DOY  DOW  Day   ETref     ETc  ETcadj       T       E       p      Ks       h      Zr      fc    tKcb     Kcb   Kcmax      Kc   Kcadj      Ke      Kr      fw     few      De     DPe   Irrig IrrLoss    Rain  Runoff      DP     TAW     DAW     RAW    Veff      Vp      Vs      Vr      Ds      Dr     fDr     fDs  theta0      Se       K
1990-261  1990-09-18    1990  261  Tue  0     4.293   0.000   0.000   0.000   0.000   0.800   1.000   1.000   1.000   0.000   0.000   0.000   1.095   0.000   0.000   0.000   0.000   1.000   1.000  19.909   0.000   0.000   0.000   0.000   0.000  17.968 122.153   0.000  97.722 140.121   0.000   0.000   0.000   0.000   0.000   0.000   0.000   0.294   0.745   0.157
1990-262  1990-09-19    1990  262  Wed  1     3.467   0.000   0.000   0.000   0.000   0.800   1.000   1.000   1.000   0.000   0.000   0.000   1.096   0.000   0.000   0.000   0.000   1.000   1.000  19.909   0.000   0.000   0.000   0.000   0.000   0.000 122.153   0.000  97.722 122.153   0.000   0.000   0.000   0.000   0.000   0.000   0.000   0.276   0.678   0.061
1990-263  1990-09-20    1990  263  Thu  2     3.475   0.000   0.000   0.000   0.000   0.800   1.000   1.000   1.000   0.000   0.000   0.000   1.071   0.000   0.000   0.000   0.000   1.000   1.000  19.909   0.000   0.000   0.000   0.000   0.000   0.000 122.153   0.000  97.722 122.153   0.000   0.000   0.000   0.000   0.000   0.000   0.000   0.276   0.678   0.061
1990-264  1990-09-21    1990  264  Fri  3     4.015   0.000   0.000   0.000   0.000   0.800   1.000   1.000   1.000   0.000   0.000   0.000   1.078   0.000   0.000   0.000   0.000   1.000   1.000  19.909   0.000   0.000   0.000   0.000   0.000   0.000 122.153   0.000  97.722 122.153   0.000   0.000   0.000   0.000   0.000   0.000   0.000   0.276   0.678   0.061
1990-265  1990-09-22    1990  265  Sat  4     4.215   0.000   0.000   0.000   0.000   0.800   1.000   1.000   1.000   0.000   0.000   0.000   1.078   0.000   0.000   0.000   0.000   1.000   1.000  19.909   0.000   0.000   0.000   0.000   0.000   0.000 122.153   0.000  97.722 122.153   0.000   0.000   0.000   0.000   0.000   0.000   0.000   0.276   0.678   0.061
1990-266  1990-09-23    1990  266  Sun  5     3.806   0.000   0.000   0.000   0.000   0.800   1.000   1.000   1.000   0.000   0.000   0.000   1.078   0.000   0.000   0.000   0.000   1.000   1.000  19.909   0.000   0.000   0.000   0.000   0.000   0.000 122.153   0.000  97.722 122.153   0.000   0.000   0.000   0.000   0.000   0.000   0.000   0.276   0.678   0.061
1990-267  1990-09-24    1990  267  Mon  6     4.461   0.000   0.000   0.000   0.000   0.800   1.000   1.000   1.000   0.000   0.000   0.000   1.107   0.000   0.000   0.000   0.000   1.000   1.000  19.909   0.000   0.000   0.000   0.000   0.000   0.000 122.153   0.000  97.722 122.153   0.000   0.000   0.000   0.000   0.000   0.000   0.000   0.276   0.678   0.061
1990-268  1990-09-25    1990  268  Tue  7     3.367   0.000   0.000   0.000   0.000   0.800   1.000   1.000   1.000   0.000   0.000   0.000   1.114   0.000   0.000   0.000   0.000   1.000   1.000  19.909   0.000   0.000   0.000   0.000   0.000   0.000 122.153   0.000  97.722 122.153   0.000   0.000   0.000   0.000   0.000   0.000   0.000   0.276   0.678   0.061
1990-269  1990-09-26    1990  269  Wed  8     3.520   0.000   0.000   0.000   0.000   0.800   1.000   1.000   1.000   0.000   0.000   0.000   1.083   0.000   0.000   0.000   0.000   1.000   1.000  19.909   0.000   0.000   0.000   0.000   0.000   0.000 122.153   0.000  97.722 122.153   0.000   0.000   0.000   0.000   0.000   0.000   0.000   0.276   0.678   0.061
1990-270  1990-09-27    1990  270  Thu  9     4.312   0.000   0.000   0.000   0.000   0.800   1.000   1.000   1.000   0.000   0.000   0.000   1.091   0.000   0.000   0.000   0.000   1.000   1.000  19.909   0.000   0.000   0.000   0.000   0.000   0.000 122.153   0.000  97.722 122.153   0.000   0.000   0.000   0.000   0.000   0.000   0.000   0.276   0.678   0.061
1990-271  1990-09-28    1990  271  Fri  10    4.370   0.000   0.000   0.000   0.000   0.800   1.000   1.000   1.000   0.000   0.000   0.000   1.084   0.000   0.000   0.000   0.000   1.000   1.000  19.909   0.000   0.000   0.000   0.000   0.000   0.000 122.153   0.000  97.722 122.153   0.000   0.000   0.000   0.000   0.000   0.000   0.000   0.276   0.678   0.061