************************************************************************
pyfao56: FAO-56 Evapotranspiration in Python
Output Data
Timestamp: 2025-02-11 11:02:56
Simulation start date: 2004-10-29
Simulation end date: 2004-11-08
Soil method: D - Default FAO-56 homogenous soil bucket approach
************************************************************************
Comments: 2004 Fallow -- CSSRI, Karnal
************************************************************************
Year-DOY        Date    Year  DOY  DOW  Day   ETref     ETc  ETcadj       T       E       p      Ks       h      Zr      fc    tKcb     Kcb   Kcmax      Kc   Kcadj      Ke      Kr      fw     few      De     DPe   Irrig IrrLoss    Rain  Runoff      DP     TAW     DAW     RAW    Veff      Vp      Vs      Vr      Ds      Dr     fDr     fDs  theta0      Se       K
2004-303  2004-10-29    2004  303  Fri  0     3.219   0.000   0.000   0.000   0.000   0.800   1.000   1.000   1.000   0.000   0.000   0.000   1.078   0.000   0.000   0.000   0.000   1.000   1.000  19.909   0.000   0.000   0.000   0.000   0.000   0.000 122.153   0.000  97.722 115.121   0.000   0.000   0.000   0.000   7.032   0.058   0.000   0.269   0.651   0.041
2004-304  2004-10-30    2004  304  Sat  1     3.911   0.000   0.000   0.000   0.000   0.800   1.000   1.000   1.000   0.000   0.000   0.000   1.096   0.000   0.000   0.000   0.000   1.000   1.000  19.909   0.000   0.000   0.000   0.000   0.000   0.000 122.153   0.000  97.722 115.121   0.000   0.000   0.000   0.000   7.032   0.058   0.000   0.269   0.651   0.041
2004-305  2004-10-31    2004  305  Sun  2     4.370   0.000   0.000   0.000   0.000   0.800   1.000   1.000   1.000   0.000   0.000   0.000   1.111   0.000   0.000   0.000   0.000   1.000   1.000  19.909   0.000   0.000   0.000   0.000   0.000   0.000 122.153   0.000  97.722 115.121   0.000   0.000   0.000   0.000   7.032   0.058   0.000   0.269   0.651   0.041
2004-306  2004-11-01    2004  306  Mon  3     4.750   0.000   0.000   0.000   0.000   0.800   1.000   1.000   1.000   0.000   0.000   0.000   1.156   0.000   0.000   0.000   0.000   1.000   1.000  19.909   0.000   0.000   0.000   0.000   0.000   0.000 122.153   0.000  97.722 115.121   0.000   0.000   0.000   0.000   7.032   0.058   0.000   0.269   0.651   0.041
2004-307  2004-11-02    2004  307  Tue  4     4.404   0.000   0.000   0.000   0.000   0.800   1.000   1.000   1.000   0.000   0.000   0.000   1.134   0.000   0.000   0.000   0.000   1.000   1.000  19.909   0.000   0.000   0.000   0.000   0.000   0.000 122.153   0.000  97.722 115.121   0.000   0.000   0.000   0.000   7.032   0.058   0.000   0.269   0.651   0.041
2004-308  2004-11-03    2004  308  Wed  5     5.019   0.000   0.000   0.000   0.000   0.800   1.000   1.000   1.000   0.000   0.000   0.000   1.150   0.000   0.000   0.000   0.000   1.000   1.000  19.909   0.000   0.000   0.000   0.000   0.000   0.000 122.153   0.000  97.722 115.121   0.000   0.000   0.000   0.000   7.032   0.058   0.000   0.269   0.651   0.041
2004-309  2004-11-04    2004  309  Thu  6     4.589   0.000   0.000   0.000   0.000   0.800   1.000   1.000   1.000   0.000   0.000   0.000   1.132   0.000   0.000   0.000   0.000   1.000   1.000  19.909   0.000   0.000   0.000   0.000   0.000   0.000 122.153   0.000  97.722 115.121   0.000   0.000   0.000   0.000   7.032   0.058   0.000   0.269   0.651   0.041
2004-310  2004-11-05    2004  310  Fri  7     3.470   0.000   0.000   0.000   0.000   0.800   1.000   1.000   1.000   0.000   0.000   0.000   1.091   0.000   0.000   0.000   0.000   1.000   1.000  19.909   0.000   0.000   0.000   0.000   0.000   0.000 122.153   0.000  97.722 115.121   0.000   0.000   0.000   0.000   7.032   0.058   0.000   0.269   0.651   0.041
2004-311  2004-11-06    2004  311  Sat  8     3.906   0.000   0.000   0.000   0.000   0.800   1.000   1.000   1.000   0.000   0.000   0.000   1.113   0.000   0.000   0.000   0.000   1.000   1.000  19.909   0.000   0.000   0.000   0.000   0.000   0.000 122.153   0.000  97.722 115.121   0.000   0.000   0.000   0.000   7.032   0.058   0.000   0.269   0.651   0.041
2004-312  2004-11-07    2004  312  Sun  9     4.273   0.000   0.000   0.000   0.000   0.800   1.000   1.000   1.000   0.000   0.000   0.000   1.132   0.000   0.000   0.000   0.000   1.000   1.000  19.909   0.000   0.000   0.000   0.000   0.000   0.000 122.153   0.000  97.722 115.121   0.000   0.000   0.000   0.000   7.032   0.058   0.000   0.269   0.651   0.041
2004-313  2004-11-08    2004  313  Mon  10    4.074   0.000   0.000   0.000   0.000   0.800   1.000   1.000   1.000   0.000   0.000   0.000   1.136   0.000   0.000   0.000   0.000   1.000   1.000  19.909   0.000   0.000   0.000   0.000   0.000   0.000 122.153   0.000  97.722 115.121   0.000   0.000   0.000   0.000   7.032   0.058   0.000   0.269   0.651   0.041