************************************************************************
pyfao56: FAO-56 Evapotranspiration in Python
Output Data
Timestamp: 2025-02-11 11:02:54
Simulation start date: 1998-10-29
Simulation end date: 1998-11-08
Soil method: D - Default FAO-56 homogenous soil bucket approach
************************************************************************
Comments: 1998 Fallow -- CSSRI, Karnal
************************************************************************
Year-DOY        Date    Year  DOY  DOW  Day   ETref     ETc  ETcadj       T       E       p      Ks       h      Zr      fc    tKcb     Kcb   Kcmax      Kc   Kcadj      Ke      Kr      fw     few      De     DPe   Irrig IrrLoss    Rain  Runoff      DP     TAW     DAW     RAW    Veff      Vp      Vs      Vr      Ds      Dr     fDr     fDs  theta0      Se       K
1998-302  1998-10-29    1998  302  Thu  0     4.437   0.000   0.000   0.000   0.000   0.800   1.000   1.000   1.000   0.000   0.000   0.000   1.115   0.000   0.000   0.000   0.000   1.000   1.000  19.909   0.000   0.000   0.000   0.000   0.000   0.000 122.153   0.000  97.722 107.121   0.000   0.000   0.000   0.000  15.032   0.123   0.000   0.261   0.621   0.026
1998-303  1998-10-30    1998  303  Fri  1     3.854   0.000   0.000   0.000   0.000   0.800   1.000   1.000   1.000   0.000   0.000   0.000   1.098   0.000   0.000   0.000   0.000   1.000   1.000  19.909   0.000   0.000   0.000   0.000   0.000   0.000 122.153   0.000  97.722 107.121   0.000   0.000   0.000   0.000  15.032   0.123   0.000   0.261   0.621   0.026
1998-304  1998-10-31    1998  304  Sat  2     3.659   0.000   0.000   0.000   0.000   0.800   1.000   1.000   1.000   0.000   0.000   0.000   1.089   0.000   0.000   0.000   0.000   1.000   1.000  19.909   0.000   0.000   0.000   0.000   0.000   0.000 122.153   0.000  97.722 107.121   0.000   0.000   0.000   0.000  15.032   0.123   0.000   0.261   0.621   0.026
1998-305  1998-11-01    1998  305  Sun  3     3.456   0.000   0.000   0.000   0.000   0.800   1.000   1.000   1.000   0.000   0.000   0.000   1.082   0.000   0.000   0.000   0.000   1.000   1.000  19.909   0.000   0.000   0.000   0.000   0.000   0.000 122.153   0.000  97.722 107.121   0.000   0.000   0.000   0.000  15.032   0.123   0.000   0.261   0.621   0.026
1998-306  1998-11-02    1998  306  Mon  4     3.608   0.000   0.000   0.000   0.000   0.800   1.000   1.000   1.000   0.000   0.000   0.000   1.094   0.000   0.000   0.000   0.000   1.000   1.000  19.909   0.000   0.000   0.000   0.000   0.000   0.000 122.153   0.000  97.722 107.121   0.000   0.000   0.000   0.000  15.032   0.123   0.000   0.261   0.621   0.026
1998-307  1998-11-03    1998  307  Tue  5     4.434   0.000   0.000   0.000   0.000   0.800   1.000   1.000   1.000   0.000   0.000   0.000   1.117   0.000   0.000   0.000   0.000   1.000   1.000  19.909   0.000   0.000   0.000   0.000   0.000   0.000 122.153   0.000  97.722 107.121   0.000   0.000   0.000   0.000  15.032   0.123   0.000   0.261   0.621   0.026
1998-308  1998-11-04    1998  308  Wed  6     4.138   0.000   0.000   0.000   0.000   0.800   1.000   1.000   1.000   0.000   0.000   0.000   1.104   0.000   0.000   0.000   0.000   1.000   1.000  19.909   0.000   0.000   0.000   0.000   0.000   0.000 122.153   0.000  97.722 107.121   0.000   0.000   0.000   0.000  15.032   0.123   0.000   0.261   0.621   0.026
1998-309  1998-11-05    1998  309  Thu  7     3.262   0.000   0.000   0.000   0.000   0.800   1.000   1.000   1.000   0.000   0.000   0.000   1.094   0.000   0.000   0.000   0.000   1.000   1.000  19.887   0.000   0.000   0.000   0.022   0.000   0.000 122.153   0.000  97.722 107.143   0.000   0.000   0.000   0.000  15.010   0.123   0.000   0.261   0.621   0.026
1998-310  1998-11-06    1998  310  Fri  8     2.763   0.005   0.005   0.000   0.005   0.800   1.000   1.000   1.000   0.000   0.000   0.000   1.095   0.002   0.002   0.002   0.002   1.000   1.000  19.691   0.000   0.000   0.000   0.201   0.000   0.000 122.153   0.000  97.722 107.339   0.000   0.000   0.000   0.000  14.814   0.121   0.000   0.261   0.622   0.027
1998-311  1998-11-07    1998  311  Sat  9     2.553   0.043   0.043   0.000   0.043   0.800   1.000   1.000   1.000   0.000   0.000   0.000   1.079   0.017   0.017   0.017   0.016   1.000   1.000  17.766   0.000   0.000   0.000   1.968   0.000   0.000 122.153   0.000  97.722 109.264   0.000   0.000   0.000   0.000  12.889   0.106   0.000   0.263   0.629   0.030
1998-312  1998-11-08    1998  312  Sun  10    2.536   0.425   0.425   0.000   0.425   0.800   1.000   1.000   1.000   0.000   0.000   0.000   1.089   0.168   0.168   0.168   0.154   1.000   1.000  18.083   0.000   0.000   0.000   0.109   0.000   0.000 122.153   0.000  97.722 108.948   0.000   0.000   0.000   0.000  13.205   0.108   0.000   0.263   0.628   0.029