************************************************************************
pyfao56: FAO-56 Evapotranspiration in Python
Output Data
Timestamp: 2025-02-11 11:02:54
Simulation start date: 1999-10-29
Simulation end date: 1999-11-08
Soil method: D - Default FAO-56 homogenous soil bucket approach
************************************************************************
Comments: 1999 Fallow -- CSSRI, Karnal
************************************************************************
Year-DOY        Date    Year  DOY  DOW  Day   ETref     ETc  ETcadj       T       E       p      Ks       h      Zr      fc    tKcb     Kcb   Kcmax      Kc   Kcadj      Ke      Kr      fw     few      De     DPe   Irrig IrrLoss    Rain  Runoff      DP     TAW     DAW     RAW    Veff      Vp      Vs      Vr      Ds      Dr     fDr     fDs  theta0      Se       K
1999-302  1999-10-29    1999  302  Fri  0     4.888   0.000   0.000   0.000   0.000   0.800   1.000   1.000   1.000   0.000   0.000   0.000   1.106   0.000   0.000   0.000   0.000   1.000   1.000  19.909   0.000   0.000   0.000   0.000   0.000   0.000 122.153   0.000  97.722 105.121   0.000   0.000   0.000   0.000  17.032   0.139   0.000   0.259   0.614   0.023
1999-303  1999-10-30    1999  303  Sat  1     4.276   0.000   0.000   0.000   0.000   0.800   1.000   1.000   1.000   0.000   0.000   0.000   1.098   0.000   0.000   0.000   0.000   1.000   1.000  19.909   0.000   0.000   0.000   0.000   0.000   0.000 122.153   0.000  97.722 105.121   0.000   0.000   0.000   0.000  17.032   0.139   0.000   0.259   0.614   0.023
1999-304  1999-10-31    1999  304  Sun  2     3.982   0.000   0.000   0.000   0.000   0.800   1.000   1.000   1.000   0.000   0.000   0.000   1.092   0.000   0.000   0.000   0.000   1.000   1.000  19.909   0.000   0.000   0.000   0.000   0.000   0.000 122.153   0.000  97.722 105.121   0.000   0.000   0.000   0.000  17.032   0.139   0.000   0.259   0.614   0.023
1999-305  1999-11-01    1999  305  Mon  3     3.866   0.000   0.000   0.000   0.000   0.800   1.000   1.000   1.000   0.000   0.000   0.000   1.092   0.000   0.000   0.000   0.000   1.000   1.000  19.909   0.000   0.000   0.000   0.000   0.000   0.000 122.153   0.000  97.722 105.121   0.000   0.000   0.000   0.000  17.032   0.139   0.000   0.259   0.614   0.023
1999-306  1999-11-02    1999  306  Tue  4     4.282   0.000   0.000   0.000   0.000   0.800   1.000   1.000   1.000   0.000   0.000   0.000   1.097   0.000   0.000   0.000   0.000   1.000   1.000  19.909   0.000   0.000   0.000   0.000   0.000   0.000 122.153   0.000  97.722 105.121   0.000   0.000   0.000   0.000  17.032   0.139   0.000   0.259   0.614   0.023
1999-307  1999-11-03    1999  307  Wed  5     3.988   0.000   0.000   0.000   0.000   0.800   1.000   1.000   1.000   0.000   0.000   0.000   1.091   0.000   0.000   0.000   0.000   1.000   1.000  19.909   0.000   0.000   0.000   0.000   0.000   0.000 122.153   0.000  97.722 105.121   0.000   0.000   0.000   0.000  17.032   0.139   0.000   0.259   0.614   0.023
1999-308  1999-11-04    1999  308  Thu  6     4.242   0.000   0.000   0.000   0.000   0.800   1.000   1.000   1.000   0.000   0.000   0.000   1.102   0.000   0.000   0.000   0.000   1.000   1.000  19.909   0.000   0.000   0.000   0.000   0.000   0.000 122.153   0.000  97.722 105.121   0.000   0.000   0.000   0.000  17.032   0.139   0.000   0.259   0.614   0.023
1999-309  1999-11-05    1999  309  Fri  7     4.588   0.000   0.000   0.000   0.000   0.800   1.000   1.000   1.000   0.000   0.000   0.000   1.113   0.000   0.000   0.000   0.000   1.000   1.000  19.909   0.000   0.000   0.000   0.000   0.000   0.000 122.153   0.000  97.722 105.121   0.000   0.000   0.000   0.000  17.032   0.139   0.000   0.259   0.614   0.023
1999-310  1999-11-06    1999  310  Sat  8     3.679   0.000   0.000   0.000   0.000   0.800   1.000   1.000   1.000   0.000   0.000   0.000   1.090   0.000   0.000   0.000   0.000   1.000   1.000  19.909   0.000   0.000   0.000   0.000   0.000   0.000 122.153   0.000  97.722 105.121   0.000   0.000   0.000   0.000  17.032   0.139   0.000   0.259   0.614   0.023
1999-311  1999-11-07    1999  311  Sun  9     4.772   0.000   0.000   0.000   0.000   0.800   1.000   1.000   1.000   0.000   0.000   0.000   1.128   0.000   0.000   0.000   0.000   1.000   1.000  19.909   0.000   0.000   0.000   0.000   0.000   0.000 122.153   0.000  97.722 105.121   0.000   0.000   0.000   0.000  17.032   0.139   0.000   0.259   0.614   0.023
1999-312  1999-11-08    1999  312  Mon  10    4.570   0.000   0.000   0.000   0.000   0.800   1.000   1.000   1.000   0.000   0.000   0.000   1.135   0.000   0.000   0.000   0.000   1.000   1.000  19.909   0.000   0.000   0.000   0.000   0.000   0.000 122.153   0.000  97.722 105.121   0.000   0.000   0.000   0.000  17.032   0.139   0.000   0.259   0.614   0.023