************************************************************************
pyfao56: FAO-56 Evapotranspiration in Python
Output Data
Timestamp: 2025-02-11 11:02:54
Simulation start date: 2002-10-29
Simulation end date: 2002-11-08
Soil method: D - Default FAO-56 homogenous soil bucket approach
************************************************************************
Comments: 2002 Fallow -- CSSRI, Karnal
************************************************************************
Year-DOY        Date    Year  DOY  DOW  Day   ETref     ETc  ETcadj       T       E       p      Ks       h      Zr      fc    tKcb     Kcb   Kcmax      Kc   Kcadj      Ke      Kr      fw     few      De     DPe   Irrig IrrLoss    Rain  Runoff      DP     TAW     DAW     RAW    Veff      Vp      Vs      Vr      Ds      Dr     fDr     fDs  theta0      Se       K
2002-302  2002-10-29    2002  302  Tue  0     3.735   0.000   0.000   0.000   0.000   0.800   1.000   1.000   1.000   0.000   0.000   0.000   1.089   0.000   0.000   0.000   0.000   1.000   1.000  19.909   0.000   0.000   0.000   0.000   0.000   0.000 122.153   0.000  97.722 116.121   0.000   0.000   0.000   0.000   6.032   0.049   0.000   0.270   0.655   0.044
2002-303  2002-10-30    2002  303  Wed  1     3.893   0.000   0.000   0.000   0.000   0.800   1.000   1.000   1.000   0.000   0.000   0.000   1.110   0.000   0.000   0.000   0.000   1.000   1.000  19.909   0.000   0.000   0.000   0.000   0.000   0.000 122.153   0.000  97.722 116.121   0.000   0.000   0.000   0.000   6.032   0.049   0.000   0.270   0.655   0.044
2002-304  2002-10-31    2002  304  Thu  2     3.485   0.000   0.000   0.000   0.000   0.800   1.000   1.000   1.000   0.000   0.000   0.000   1.082   0.000   0.000   0.000   0.000   1.000   1.000  19.909   0.000   0.000   0.000   0.000   0.000   0.000 122.153   0.000  97.722 116.121   0.000   0.000   0.000   0.000   6.032   0.049   0.000   0.270   0.655   0.044
2002-305  2002-11-01    2002  305  Fri  3     3.825   0.000   0.000   0.000   0.000   0.800   1.000   1.000   1.000   0.000   0.000   0.000   1.092   0.000   0.000   0.000   0.000   1.000   1.000  19.909   0.000   0.000   0.000   0.000   0.000   0.000 122.153   0.000  97.722 116.121   0.000   0.000   0.000   0.000   6.032   0.049   0.000   0.270   0.655   0.044
2002-306  2002-11-02    2002  306  Sat  4     3.802   0.000   0.000   0.000   0.000   0.800   1.000   1.000   1.000   0.000   0.000   0.000   1.093   0.000   0.000   0.000   0.000   1.000   1.000  19.909   0.000   0.000   0.000   0.000   0.000   0.000 122.153   0.000  97.722 116.121   0.000   0.000   0.000   0.000   6.032   0.049   0.000   0.270   0.655   0.044
2002-307  2002-11-03    2002  307  Sun  5     3.636   0.000   0.000   0.000   0.000   0.800   1.000   1.000   1.000   0.000   0.000   0.000   1.093   0.000   0.000   0.000   0.000   1.000   1.000  19.909   0.000   0.000   0.000   0.000   0.000   0.000 122.153   0.000  97.722 116.121   0.000   0.000   0.000   0.000   6.032   0.049   0.000   0.270   0.655   0.044
2002-308  2002-11-04    2002  308  Mon  6     3.241   0.000   0.000   0.000   0.000   0.800   1.000   1.000   1.000   0.000   0.000   0.000   1.084   0.000   0.000   0.000   0.000   1.000   1.000  19.909   0.000   0.000   0.000   0.000   0.000   0.000 122.153   0.000  97.722 116.121   0.000   0.000   0.000   0.000   6.032   0.049   0.000   0.270   0.655   0.044
2002-309  2002-11-05    2002  309  Tue  7     3.189   0.000   0.000   0.000   0.000   0.800   1.000   1.000   1.000   0.000   0.000   0.000   1.077   0.000   0.000   0.000   0.000   1.000   1.000  19.909   0.000   0.000   0.000   0.000   0.000   0.000 122.153   0.000  97.722 116.121   0.000   0.000   0.000   0.000   6.032   0.049   0.000   0.270   0.655   0.044
2002-310  2002-11-06    2002  310  Wed  8     3.046   0.000   0.000   0.000   0.000   0.800   1.000   1.000   1.000   0.000   0.000   0.000   1.094   0.000   0.000   0.000   0.000   1.000   1.000  19.909   0.000   0.000   0.000   0.000   0.000   0.000 122.153   0.000  97.722 116.121   0.000   0.000   0.000   0.000   6.032   0.049   0.000   0.270   0.655   0.044
2002-311  2002-11-07    2002  311  Thu  9     3.382   0.000   0.000   0.000   0.000   0.800   1.000   1.000   1.000   0.000   0.000   0.000   1.094   0.000   0.000   0.000   0.000   1.000   1.000  19.909   0.000   0.000   0.000   0.000   0.000   0.000 122.153   0.000  97.722 116.121   0.000   0.000   0.000   0.000   6.032   0.049   0.000   0.270   0.655   0.044
2002-312  2002-11-08    2002  312  Fri  10    3.360   0.000   0.000   0.000   0.000   0.800   1.000   1.000   1.000   0.000   0.000   0.000   1.095   0.000   0.000   0.000   0.000   1.000   1.000  19.909   0.000   0.000   0.000   0.000   0.000   0.000 122.153   0.000  97.722 116.121   0.000   0.000   0.000   0.000   6.032   0.049   0.000   0.270   0.655   0.044