************************************************************************
pyfao56: FAO-56 Evapotranspiration in Python
Output Data
Timestamp: 2025-02-11 11:02:59
Simulation start date: 2018-10-29
Simulation end date: 2018-11-08
Soil method: D - Default FAO-56 homogenous soil bucket approach
************************************************************************
Comments: 2018 Fallow -- CSSRI, Karnal
************************************************************************
Year-DOY        Date    Year  DOY  DOW  Day   ETref     ETc  ETcadj       T       E       p      Ks       h      Zr      fc    tKcb     Kcb   Kcmax      Kc   Kcadj      Ke      Kr      fw     few      De     DPe   Irrig IrrLoss    Rain  Runoff      DP     TAW     DAW     RAW    Veff      Vp      Vs      Vr      Ds      Dr     fDr     fDs  theta0      Se       K
2018-302  2018-10-29    2018  302  Mon  0     3.884   0.000   0.000   0.000   0.000   0.800   1.000   1.000   1.000   0.000   0.000   0.000   1.103   0.000   0.000   0.000   0.000   1.000   1.000  19.909   0.000   0.000   0.000   0.000   0.000   0.000 122.153   0.000  97.722 107.121   0.000   0.000   0.000   0.000  15.032   0.123   0.000   0.261   0.621   0.026
2018-303  2018-10-30    2018  303  Tue  1     3.602   0.000   0.000   0.000   0.000   0.800   1.000   1.000   1.000   0.000   0.000   0.000   1.093   0.000   0.000   0.000   0.000   1.000   1.000  19.909   0.000   0.000   0.000   0.000   0.000   0.000 122.153   0.000  97.722 107.121   0.000   0.000   0.000   0.000  15.032   0.123   0.000   0.261   0.621   0.026
2018-304  2018-10-31    2018  304  Wed  2     3.612   0.000   0.000   0.000   0.000   0.800   1.000   1.000   1.000   0.000   0.000   0.000   1.090   0.000   0.000   0.000   0.000   1.000   1.000  19.909   0.000   0.000   0.000   0.000   0.000   0.000 122.153   0.000  97.722 107.121   0.000   0.000   0.000   0.000  15.032   0.123   0.000   0.261   0.621   0.026
2018-305  2018-11-01    2018  305  Thu  3     3.207   0.000   0.000   0.000   0.000   0.800   1.000   1.000   1.000   0.000   0.000   0.000   1.082   0.000   0.000   0.000   0.000   1.000   1.000  19.909   0.000   0.000   0.000   0.000   0.000   0.000 122.153   0.000  97.722 107.121   0.000   0.000   0.000   0.000  15.032   0.123   0.000   0.261   0.621   0.026
2018-306  2018-11-02    2018  306  Fri  4     3.968   0.000   0.000   0.000   0.000   0.800   1.000   1.000   1.000   0.000   0.000   0.000   1.111   0.000   0.000   0.000   0.000   1.000   1.000  19.909   0.000   0.000   0.000   0.001   0.000   0.000 122.153   0.000  97.722 107.122   0.000   0.000   0.000   0.000  15.031   0.123   0.000   0.261   0.621   0.026
2018-307  2018-11-03    2018  307  Sat  5     3.657   0.000   0.000   0.000   0.000   0.800   1.000   1.000   1.000   0.000   0.000   0.000   1.168   0.000   0.000   0.000   0.000   1.000   1.000  19.901   0.000   0.000   0.000   0.008   0.000   0.000 122.153   0.000  97.722 107.130   0.000   0.000   0.000   0.000  15.023   0.123   0.000   0.261   0.621   0.026
2018-308  2018-11-04    2018  308  Sun  6     3.528   0.002   0.002   0.000   0.002   0.800   1.000   1.000   1.000   0.000   0.000   0.000   1.107   0.001   0.001   0.001   0.001   1.000   1.000  19.903   0.000   0.000   0.000   0.000   0.000   0.000 122.153   0.000  97.722 107.127   0.000   0.000   0.000   0.000  15.026   0.123   0.000   0.261   0.621   0.026
2018-309  2018-11-05    2018  309  Mon  7     3.720   0.002   0.002   0.000   0.002   0.800   1.000   1.000   1.000   0.000   0.000   0.000   1.125   0.001   0.001   0.001   0.000   1.000   1.000  19.905   0.000   0.000   0.000   0.000   0.000   0.000 122.153   0.000  97.722 107.125   0.000   0.000   0.000   0.000  15.028   0.123   0.000   0.261   0.621   0.026
2018-310  2018-11-06    2018  310  Tue  8     4.984   0.002   0.002   0.000   0.002   0.800   1.000   1.000   1.000   0.000   0.000   0.000   1.148   0.000   0.000   0.000   0.000   1.000   1.000  19.907   0.000   0.000   0.000   0.000   0.000   0.000 122.153   0.000  97.722 107.124   0.000   0.000   0.000   0.000  15.029   0.123   0.000   0.261   0.621   0.026
2018-311  2018-11-07    2018  311  Wed  9     4.125   0.001   0.001   0.000   0.001   0.800   1.000   1.000   1.000   0.000   0.000   0.000   1.138   0.000   0.000   0.000   0.000   1.000   1.000  19.908   0.000   0.000   0.000   0.000   0.000   0.000 122.153   0.000  97.722 107.123   0.000   0.000   0.000   0.000  15.030   0.123   0.000   0.261   0.621   0.026
2018-312  2018-11-08    2018  312  Thu  10    3.319   0.000   0.000   0.000   0.000   0.800   1.000   1.000   1.000   0.000   0.000   0.000   1.092   0.000   0.000   0.000   0.000   1.000   1.000  19.908   0.000   0.000   0.000   0.000   0.000   0.000 122.153   0.000  97.722 107.122   0.000   0.000   0.000   0.000  15.031   0.123   0.000   0.261   0.621   0.026