************************************************************************
pyfao56: FAO-56 Evapotranspiration in Python
Output Data
Timestamp: 2025-02-11 11:02:52
Simulation start date: 1995-10-29
Simulation end date: 1995-11-08
Soil method: D - Default FAO-56 homogenous soil bucket approach
************************************************************************
Comments: 1995 Fallow -- CSSRI, Karnal
************************************************************************
Year-DOY        Date    Year  DOY  DOW  Day   ETref     ETc  ETcadj       T       E       p      Ks       h      Zr      fc    tKcb     Kcb   Kcmax      Kc   Kcadj      Ke      Kr      fw     few      De     DPe   Irrig IrrLoss    Rain  Runoff      DP     TAW     DAW     RAW    Veff      Vp      Vs      Vr      Ds      Dr     fDr     fDs  theta0      Se       K
1995-302  1995-10-29    1995  302  Sun  0     5.144   0.000   0.000   0.000   0.000   0.800   1.000   1.000   1.000   0.000   0.000   0.000   1.119   0.000   0.000   0.000   0.000   1.000   1.000  19.909   0.000   0.000   0.000   0.000   0.000   0.000 122.153   0.000  97.722 108.121   0.000   0.000   0.000   0.000  14.032   0.115   0.000   0.262   0.625   0.028
1995-303  1995-10-30    1995  303  Mon  1     4.620   0.000   0.000   0.000   0.000   0.800   1.000   1.000   1.000   0.000   0.000   0.000   1.117   0.000   0.000   0.000   0.000   1.000   1.000  19.909   0.000   0.000   0.000   0.000   0.000   0.000 122.153   0.000  97.722 108.121   0.000   0.000   0.000   0.000  14.032   0.115   0.000   0.262   0.625   0.028
1995-304  1995-10-31    1995  304  Tue  2     4.215   0.000   0.000   0.000   0.000   0.800   1.000   1.000   1.000   0.000   0.000   0.000   1.108   0.000   0.000   0.000   0.000   1.000   1.000  19.909   0.000   0.000   0.000   0.000   0.000   0.000 122.153   0.000  97.722 108.121   0.000   0.000   0.000   0.000  14.032   0.115   0.000   0.262   0.625   0.028
1995-305  1995-11-01    1995  305  Wed  3     4.692   0.000   0.000   0.000   0.000   0.800   1.000   1.000   1.000   0.000   0.000   0.000   1.123   0.000   0.000   0.000   0.000   1.000   1.000  19.909   0.000   0.000   0.000   0.000   0.000   0.000 122.153   0.000  97.722 108.121   0.000   0.000   0.000   0.000  14.032   0.115   0.000   0.262   0.625   0.028
1995-306  1995-11-02    1995  306  Thu  4     5.033   0.000   0.000   0.000   0.000   0.800   1.000   1.000   1.000   0.000   0.000   0.000   1.135   0.000   0.000   0.000   0.000   1.000   1.000  19.909   0.000   0.000   0.000   0.000   0.000   0.000 122.153   0.000  97.722 108.121   0.000   0.000   0.000   0.000  14.032   0.115   0.000   0.262   0.625   0.028
1995-307  1995-11-03    1995  307  Fri  5     4.676   0.000   0.000   0.000   0.000   0.800   1.000   1.000   1.000   0.000   0.000   0.000   1.140   0.000   0.000   0.000   0.000   1.000   1.000  19.909   0.000   0.000   0.000   0.000   0.000   0.000 122.153   0.000  97.722 108.121   0.000   0.000   0.000   0.000  14.032   0.115   0.000   0.262   0.625   0.028
1995-308  1995-11-04    1995  308  Sat  6     3.455   0.000   0.000   0.000   0.000   0.800   1.000   1.000   1.000   0.000   0.000   0.000   1.086   0.000   0.000   0.000   0.000   1.000   1.000  19.909   0.000   0.000   0.000   0.000   0.000   0.000 122.153   0.000  97.722 108.121   0.000   0.000   0.000   0.000  14.032   0.115   0.000   0.262   0.625   0.028
1995-309  1995-11-05    1995  309  Sun  7     3.839   0.000   0.000   0.000   0.000   0.800   1.000   1.000   1.000   0.000   0.000   0.000   1.097   0.000   0.000   0.000   0.000   1.000   1.000  19.909   0.000   0.000   0.000   0.000   0.000   0.000 122.153   0.000  97.722 108.121   0.000   0.000   0.000   0.000  14.032   0.115   0.000   0.262   0.625   0.028
1995-310  1995-11-06    1995  310  Mon  8     3.738   0.000   0.000   0.000   0.000   0.800   1.000   1.000   1.000   0.000   0.000   0.000   1.098   0.000   0.000   0.000   0.000   1.000   1.000  19.909   0.000   0.000   0.000   0.000   0.000   0.000 122.153   0.000  97.722 108.121   0.000   0.000   0.000   0.000  14.032   0.115   0.000   0.262   0.625   0.028
1995-311  1995-11-07    1995  311  Tue  9     3.829   0.000   0.000   0.000   0.000   0.800   1.000   1.000   1.000   0.000   0.000   0.000   1.096   0.000   0.000   0.000   0.000   1.000   1.000  19.909   0.000   0.000   0.000   0.000   0.000   0.000 122.153   0.000  97.722 108.121   0.000   0.000   0.000   0.000  14.032   0.115   0.000   0.262   0.625   0.028
1995-312  1995-11-08    1995  312  Wed  10    3.213   0.000   0.000   0.000   0.000   0.800   1.000   1.000   1.000   0.000   0.000   0.000   1.076   0.000   0.000   0.000   0.000   1.000   1.000  19.909   0.000   0.000   0.000   0.000   0.000   0.000 122.153   0.000  97.722 108.121   0.000   0.000   0.000   0.000  14.032   0.115   0.000   0.262   0.625   0.028