************************************************************************
pyfao56: FAO-56 Evapotranspiration in Python
Output Data
Timestamp: 2025-02-11 11:02:54
Simulation start date: 1997-10-29
Simulation end date: 1997-11-08
Soil method: D - Default FAO-56 homogenous soil bucket approach
************************************************************************
Comments: 1997 Fallow -- CSSRI, Karnal
************************************************************************
Year-DOY        Date    Year  DOY  DOW  Day   ETref     ETc  ETcadj       T       E       p      Ks       h      Zr      fc    tKcb     Kcb   Kcmax      Kc   Kcadj      Ke      Kr      fw     few      De     DPe   Irrig IrrLoss    Rain  Runoff      DP     TAW     DAW     RAW    Veff      Vp      Vs      Vr      Ds      Dr     fDr     fDs  theta0      Se       K
1997-302  1997-10-29    1997  302  Wed  0     2.315   0.000   0.000   0.000   0.000   0.800   1.000   1.000   1.000   0.000   0.000   0.000   1.103   0.000   0.000   0.000   0.000   1.000   1.000  19.909   0.000   0.000   0.000   0.000   0.000  14.968 122.153   0.000  97.722 137.121   0.000   0.000   0.000   0.000   0.000   0.000   0.000   0.291   0.734   0.134
1997-303  1997-10-30    1997  303  Thu  1     2.946   0.000   0.000   0.000   0.000   0.800   1.000   1.000   1.000   0.000   0.000   0.000   1.085   0.000   0.000   0.000   0.000   1.000   1.000  19.909   0.000   0.000   0.000   0.000   0.000   0.000 122.153   0.000  97.722 122.153   0.000   0.000   0.000   0.000   0.000   0.000   0.000   0.276   0.678   0.061
1997-304  1997-10-31    1997  304  Fri  2     3.252   0.000   0.000   0.000   0.000   0.800   1.000   1.000   1.000   0.000   0.000   0.000   1.087   0.000   0.000   0.000   0.000   1.000   1.000  19.909   0.000   0.000   0.000   0.000   0.000   0.000 122.153   0.000  97.722 122.153   0.000   0.000   0.000   0.000   0.000   0.000   0.000   0.276   0.678   0.061
1997-305  1997-11-01    1997  305  Sat  3     3.367   0.000   0.000   0.000   0.000   0.800   1.000   1.000   1.000   0.000   0.000   0.000   1.100   0.000   0.000   0.000   0.000   1.000   1.000  19.909   0.000   0.000   0.000   0.000   0.000   0.000 122.153   0.000  97.722 122.153   0.000   0.000   0.000   0.000   0.000   0.000   0.000   0.276   0.678   0.061
1997-306  1997-11-02    1997  306  Sun  4     3.784   0.000   0.000   0.000   0.000   0.800   1.000   1.000   1.000   0.000   0.000   0.000   1.112   0.000   0.000   0.000   0.000   1.000   1.000  19.909   0.000   0.000   0.000   0.000   0.000   0.000 122.153   0.000  97.722 122.153   0.000   0.000   0.000   0.000   0.000   0.000   0.000   0.276   0.678   0.061
1997-307  1997-11-03    1997  307  Mon  5     3.436   0.000   0.000   0.000   0.000   0.800   1.000   1.000   1.000   0.000   0.000   0.000   1.094   0.000   0.000   0.000   0.000   1.000   1.000  19.909   0.000   0.000   0.000   0.000   0.000   0.000 122.153   0.000  97.722 122.153   0.000   0.000   0.000   0.000   0.000   0.000   0.000   0.276   0.678   0.061
1997-308  1997-11-04    1997  308  Tue  6     3.670   0.000   0.000   0.000   0.000   0.800   1.000   1.000   1.000   0.000   0.000   0.000   1.108   0.000   0.000   0.000   0.000   1.000   1.000  19.909   0.000   0.000   0.000   0.000   0.000   0.000 122.153   0.000  97.722 122.153   0.000   0.000   0.000   0.000   0.000   0.000   0.000   0.276   0.678   0.061
1997-309  1997-11-05    1997  309  Wed  7     3.593   0.000   0.000   0.000   0.000   0.800   1.000   1.000   1.000   0.000   0.000   0.000   1.102   0.000   0.000   0.000   0.000   1.000   1.000  19.909   0.000   0.000   0.000   0.000   0.000   0.000 122.153   0.000  97.722 122.153   0.000   0.000   0.000   0.000   0.000   0.000   0.000   0.276   0.678   0.061
1997-310  1997-11-06    1997  310  Thu  8     3.095   0.000   0.000   0.000   0.000   0.800   1.000   1.000   1.000   0.000   0.000   0.000   1.085   0.000   0.000   0.000   0.000   1.000   1.000  19.909   0.000   0.000   0.000   0.000   0.000   0.000 122.153   0.000  97.722 122.153   0.000   0.000   0.000   0.000   0.000   0.000   0.000   0.276   0.678   0.061
1997-311  1997-11-07    1997  311  Fri  9     3.115   0.000   0.000   0.000   0.000   0.800   1.000   1.000   1.000   0.000   0.000   0.000   1.086   0.000   0.000   0.000   0.000   1.000   1.000  19.909   0.000   0.000   0.000   0.000   0.000   0.000 122.153   0.000  97.722 122.153   0.000   0.000   0.000   0.000   0.000   0.000   0.000   0.276   0.678   0.061
1997-312  1997-11-08    1997  312  Sat  10    2.915   0.000   0.000   0.000   0.000   0.800   1.000   1.000   1.000   0.000   0.000   0.000   1.088   0.000   0.000   0.000   0.000   1.000   1.000  19.769   0.000   0.000   0.000   0.141   0.000   0.141 122.153   0.000  97.722 122.294   0.000   0.000   0.000   0.000   0.000   0.000   0.000   0.276   0.678   0.061