************************************************************************
pyfao56: FAO-56 Evapotranspiration in Python
Output Data
Timestamp: 2025-02-11 11:02:54
Simulation start date: 2003-10-29
Simulation end date: 2003-11-08
Soil method: D - Default FAO-56 homogenous soil bucket approach
************************************************************************
Comments: 2003 Fallow -- CSSRI, Karnal
************************************************************************
Year-DOY        Date    Year  DOY  DOW  Day   ETref     ETc  ETcadj       T       E       p      Ks       h      Zr      fc    tKcb     Kcb   Kcmax      Kc   Kcadj      Ke      Kr      fw     few      De     DPe   Irrig IrrLoss    Rain  Runoff      DP     TAW     DAW     RAW    Veff      Vp      Vs      Vr      Ds      Dr     fDr     fDs  theta0      Se       K
2003-302  2003-10-29    2003  302  Wed  0     4.066   0.000   0.000   0.000   0.000   0.800   1.000   1.000   1.000   0.000   0.000   0.000   1.100   0.000   0.000   0.000   0.000   1.000   1.000  19.909   0.000   0.000   0.000   0.000   0.000   0.000 122.153   0.000  97.722 113.121   0.000   0.000   0.000   0.000   9.032   0.074   0.000   0.267   0.644   0.037
2003-303  2003-10-30    2003  303  Thu  1     4.032   0.000   0.000   0.000   0.000   0.800   1.000   1.000   1.000   0.000   0.000   0.000   1.104   0.000   0.000   0.000   0.000   1.000   1.000  19.909   0.000   0.000   0.000   0.000   0.000   0.000 122.153   0.000  97.722 113.121   0.000   0.000   0.000   0.000   9.032   0.074   0.000   0.267   0.644   0.037
2003-304  2003-10-31    2003  304  Fri  2     4.006   0.000   0.000   0.000   0.000   0.800   1.000   1.000   1.000   0.000   0.000   0.000   1.105   0.000   0.000   0.000   0.000   1.000   1.000  19.909   0.000   0.000   0.000   0.000   0.000   0.000 122.153   0.000  97.722 113.121   0.000   0.000   0.000   0.000   9.032   0.074   0.000   0.267   0.644   0.037
2003-305  2003-11-01    2003  305  Sat  3     4.069   0.000   0.000   0.000   0.000   0.800   1.000   1.000   1.000   0.000   0.000   0.000   1.103   0.000   0.000   0.000   0.000   1.000   1.000  19.909   0.000   0.000   0.000   0.000   0.000   0.000 122.153   0.000  97.722 113.121   0.000   0.000   0.000   0.000   9.032   0.074   0.000   0.267   0.644   0.037
2003-306  2003-11-02    2003  306  Sun  4     4.434   0.000   0.000   0.000   0.000   0.800   1.000   1.000   1.000   0.000   0.000   0.000   1.111   0.000   0.000   0.000   0.000   1.000   1.000  19.909   0.000   0.000   0.000   0.000   0.000   0.000 122.153   0.000  97.722 113.121   0.000   0.000   0.000   0.000   9.032   0.074   0.000   0.267   0.644   0.037
2003-307  2003-11-03    2003  307  Mon  5     4.357   0.000   0.000   0.000   0.000   0.800   1.000   1.000   1.000   0.000   0.000   0.000   1.114   0.000   0.000   0.000   0.000   1.000   1.000  19.909   0.000   0.000   0.000   0.000   0.000   0.000 122.153   0.000  97.722 113.121   0.000   0.000   0.000   0.000   9.032   0.074   0.000   0.267   0.644   0.037
2003-308  2003-11-04    2003  308  Tue  6     3.632   0.000   0.000   0.000   0.000   0.800   1.000   1.000   1.000   0.000   0.000   0.000   1.092   0.000   0.000   0.000   0.000   1.000   1.000  19.909   0.000   0.000   0.000   0.000   0.000   0.000 122.153   0.000  97.722 113.121   0.000   0.000   0.000   0.000   9.032   0.074   0.000   0.267   0.644   0.037
2003-309  2003-11-05    2003  309  Wed  7     3.799   0.000   0.000   0.000   0.000   0.800   1.000   1.000   1.000   0.000   0.000   0.000   1.097   0.000   0.000   0.000   0.000   1.000   1.000  19.909   0.000   0.000   0.000   0.000   0.000   0.000 122.153   0.000  97.722 113.121   0.000   0.000   0.000   0.000   9.032   0.074   0.000   0.267   0.644   0.037
2003-310  2003-11-06    2003  310  Thu  8     3.812   0.000   0.000   0.000   0.000   0.800   1.000   1.000   1.000   0.000   0.000   0.000   1.094   0.000   0.000   0.000   0.000   1.000   1.000  19.909   0.000   0.000   0.000   0.000   0.000   0.000 122.153   0.000  97.722 113.121   0.000   0.000   0.000   0.000   9.032   0.074   0.000   0.267   0.644   0.037
2003-311  2003-11-07    2003  311  Fri  9     3.961   0.000   0.000   0.000   0.000   0.800   1.000   1.000   1.000   0.000   0.000   0.000   1.093   0.000   0.000   0.000   0.000   1.000   1.000  19.909   0.000   0.000   0.000   0.000   0.000   0.000 122.153   0.000  97.722 113.121   0.000   0.000   0.000   0.000   9.032   0.074   0.000   0.267   0.644   0.037
2003-312  2003-11-08    2003  312  Sat  10    3.927   0.000   0.000   0.000   0.000   0.800   1.000   1.000   1.000   0.000   0.000   0.000   1.092   0.000   0.000   0.000   0.000   1.000   1.000  19.909   0.000   0.000   0.000   0.000   0.000   0.000 122.153   0.000  97.722 113.121   0.000   0.000   0.000   0.000   9.032   0.074   0.000   0.267   0.644   0.037